127.0.0.1 - - [03/Feb/2023:18:35:00 +0100] "GET / HTTP/1.1" 200 46
127.0.0.1 - - [03/Feb/2023:18:35:00 +0100] "GET /favicon.ico HTTP/1.1" 404 196
127.0.0.1 - - [03/Feb/2023:18:36:00 +0100] "-" 408 -
127.0.0.1 - - [03/Feb/2023:18:37:40 +0100] "GET / HTTP/1.1" 200 215
127.0.0.1 - - [03/Feb/2023:18:37:42 +0100] "GET /PytaniaMatura/ HTTP/1.1" 200 475
127.0.0.1 - - [03/Feb/2023:18:37:42 +0100] "GET /PytaniaMatura/Style.css HTTP/1.1" 200 1437
127.0.0.1 - - [03/Feb/2023:18:37:42 +0100] "GET /PytaniaMatura/DropDown.js HTTP/1.1" 200 4909
127.0.0.1 - - [03/Feb/2023:18:37:42 +0100] "GET /PytaniaMatura/Answers.JSON HTTP/1.1" 200 65412
127.0.0.1 - - [03/Feb/2023:18:38:40 +0100] "-" 408 -
127.0.0.1 - - [03/Feb/2023:18:45:48 +0100] "GET /PytaniaMatura/ HTTP/1.1" 304 -
127.0.0.1 - - [03/Feb/2023:18:46:48 +0100] "-" 408 -
192.168.1.173 - - [03/Feb/2023:18:56:28 +0100] "GET /PytaniaMatura/ HTTP/1.1" 200 475
192.168.1.173 - - [03/Feb/2023:18:56:29 +0100] "GET /PytaniaMatura/Style.css HTTP/1.1" 200 1437
192.168.1.173 - - [03/Feb/2023:18:56:29 +0100] "GET /PytaniaMatura/DropDown.js HTTP/1.1" 200 4909
192.168.1.173 - - [03/Feb/2023:18:56:29 +0100] "GET /PytaniaMatura/Answers.JSON HTTP/1.1" 200 65412
192.168.1.173 - - [03/Feb/2023:18:56:29 +0100] "GET /favicon.ico HTTP/1.1" 404 196
127.0.0.1 - - [03/Feb/2023:18:56:30 +0100] "GET /PytaniaMatura/ HTTP/1.1" 304 -
::1 - - [03/Feb/2023:18:56:36 +0100] "GET / HTTP/1.1" 200 215
::1 - - [03/Feb/2023:18:56:37 +0100] "GET /favicon.ico HTTP/1.1" 404 196
192.168.1.173 - - [03/Feb/2023:18:56:51 +0100] "GET / HTTP/1.1" 200 215
192.168.1.173 - - [03/Feb/2023:18:56:52 +0100] "GET /PytaniaMatura/Answers.JSON HTTP/1.1" 200 65412
::1 - - [03/Feb/2023:18:57:05 +0100] "GET /PytaniaMatura/ HTTP/1.1" 200 475
::1 - - [03/Feb/2023:18:57:05 +0100] "GET /PytaniaMatura/Style.css HTTP/1.1" 200 1437
::1 - - [03/Feb/2023:18:57:05 +0100] "GET /PytaniaMatura/DropDown.js HTTP/1.1" 200 4909
::1 - - [03/Feb/2023:18:57:05 +0100] "GET /PytaniaMatura/Answers.JSON HTTP/1.1" 200 65412
127.0.0.1 - - [03/Feb/2023:18:57:26 +0100] "GET /PytaniaMatura/ HTTP/1.1" 404 196
127.0.0.1 - - [03/Feb/2023:18:57:31 +0100] "GET / HTTP/1.1" 200 475
127.0.0.1 - - [03/Feb/2023:18:57:31 +0100] "GET /Style.css HTTP/1.1" 200 1437
127.0.0.1 - - [03/Feb/2023:18:57:31 +0100] "GET /DropDown.js HTTP/1.1" 200 4909
127.0.0.1 - - [03/Feb/2023:18:57:31 +0100] "GET /Answers.JSON HTTP/1.1" 200 65412
::1 - - [03/Feb/2023:18:58:05 +0100] "-" 408 -
::1 - - [03/Feb/2023:19:00:48 +0100] "GET / HTTP/1.1" 200 475
::1 - - [03/Feb/2023:19:00:48 +0100] "GET /Style.css HTTP/1.1" 200 1437
::1 - - [03/Feb/2023:19:00:48 +0100] "GET /DropDown.js HTTP/1.1" 200 4909
::1 - - [03/Feb/2023:19:00:49 +0100] "GET /Answers.JSON HTTP/1.1" 200 65412
::1 - - [03/Feb/2023:19:00:49 +0100] "GET /favicon.ico HTTP/1.1" 404 196
127.0.0.1 - - [03/Feb/2023:19:01:02 +0100] "GET /favicon.ico HTTP/1.1" 404 196
127.0.0.1 - - [03/Feb/2023:19:01:11 +0100] "GET / HTTP/1.1" 304 -
192.168.1.173 - - [03/Feb/2023:19:01:33 +0100] "GET /PytaniaMatura/ HTTP/1.1" 404 196
192.168.1.173 - - [03/Feb/2023:19:01:53 +0100] "GET / HTTP/1.1" 200 475
192.168.1.173 - - [03/Feb/2023:19:01:53 +0100] "GET /Style.css HTTP/1.1" 200 1437
192.168.1.173 - - [03/Feb/2023:19:01:53 +0100] "GET /DropDown.js HTTP/1.1" 200 4909
192.168.1.173 - - [03/Feb/2023:19:01:53 +0100] "GET /Answers.JSON HTTP/1.1" 200 65412
::1 - - [03/Feb/2023:21:14:39 +0100] "GET / HTTP/1.1" 200 475
::1 - - [03/Feb/2023:21:14:39 +0100] "GET /favicon.ico HTTP/1.1" 404 196
::1 - - [03/Feb/2023:21:15:39 +0100] "-" 408 -
::1 - - [03/Feb/2023:21:18:25 +0100] "GET / HTTP/1.1" 304 -
::1 - - [03/Feb/2023:21:18:29 +0100] "GET / HTTP/1.1" 304 -
::1 - - [03/Feb/2023:21:18:31 +0100] "GET / HTTP/1.1" 304 -
::1 - - [03/Feb/2023:21:23:14 +0100] "GET / HTTP/1.1" 304 -
::1 - - [03/Feb/2023:21:24:14 +0100] "-" 408 -
::1 - - [03/Feb/2023:21:24:55 +0100] "GET / HTTP/1.1" 304 -
::1 - - [03/Feb/2023:21:25:08 +0100] "GET / HTTP/1.1" 304 -
::1 - - [03/Feb/2023:21:25:20 +0100] "GET / HTTP/1.1" 304 -
::1 - - [03/Feb/2023:21:26:20 +0100] "-" 408 -
::1 - - [03/Feb/2023:21:30:32 +0100] "GET / HTTP/1.1" 304 -
::1 - - [03/Feb/2023:21:31:32 +0100] "-" 408 -
::1 - - [03/Feb/2023:21:32:22 +0100] "GET / HTTP/1.1" 304 -
::1 - - [03/Feb/2023:21:32:30 +0100] "GET /pinfo.php HTTP/1.1" 200 76889
::1 - - [03/Feb/2023:21:33:30 +0100] "-" 408 -
::1 - - [03/Feb/2023:21:50:25 +0100] "GET /pinfo.php HTTP/1.1" 200 77153
::1 - - [03/Feb/2023:21:51:25 +0100] "-" 408 -
::1 - - [03/Feb/2023:21:58:42 +0100] "GET /pinfo.php HTTP/1.1" 200 77153
::1 - - [03/Feb/2023:21:59:42 +0100] "-" 408 -
::1 - - [03/Feb/2023:22:25:00 +0100] "GET /pinfo.php HTTP/1.1" 200 21
::1 - - [03/Feb/2023:22:25:01 +0100] "GET /pinfo.php HTTP/1.1" 304 -
::1 - - [03/Feb/2023:22:25:02 +0100] "GET /pinfo.php HTTP/1.1" 304 -
::1 - - [03/Feb/2023:22:25:02 +0100] "GET /pinfo.php HTTP/1.1" 304 -
::1 - - [03/Feb/2023:22:25:58 +0100] "GET /pinfo.php HTTP/1.1" 304 -
::1 - - [03/Feb/2023:22:26:04 +0100] "GET /pinfo.php HTTP/1.1" 304 -
::1 - - [03/Feb/2023:22:26:48 +0100] "GET / HTTP/1.1" 304 -
::1 - - [03/Feb/2023:22:27:20 +0100] "GET / HTTP/1.1" 304 -
::1 - - [03/Feb/2023:22:28:20 +0100] "-" 408 -
::1 - - [03/Feb/2023:22:28:27 +0100] "-" 408 -
::1 - - [03/Feb/2023:22:30:13 +0100] "GET /pinfo.php HTTP/1.1" 200 78006
::1 - - [03/Feb/2023:22:31:13 +0100] "-" 408 -
::1 - - [03/Feb/2023:22:33:31 +0100] "GET /pinfo.php HTTP/1.1" 200 20
::1 - - [03/Feb/2023:22:33:40 +0100] "GET /pinfo.php HTTP/1.1" 200 20
::1 - - [03/Feb/2023:22:33:51 +0100] "GET /pinfo.php HTTP/1.1" 200 20
::1 - - [03/Feb/2023:22:34:51 +0100] "-" 408 -
::1 - - [03/Feb/2023:22:36:09 +0100] "GET /pinfo.php HTTP/1.1" 200 16
::1 - - [03/Feb/2023:22:37:09 +0100] "-" 408 -
::1 - - [03/Feb/2023:22:37:41 +0100] "GET /pinfo.php HTTP/1.1" 200 260
::1 - - [03/Feb/2023:22:37:53 +0100] "GET /pinfo.php HTTP/1.1" 200 351
::1 - - [03/Feb/2023:22:38:07 +0100] "GET /pinfo.php HTTP/1.1" 200 260
::1 - - [03/Feb/2023:22:38:14 +0100] "GET /pinfo.php HTTP/1.1" 200 19
::1 - - [03/Feb/2023:22:39:14 +0100] "-" 408 -
::1 - - [03/Feb/2023:22:51:10 +0100] "GET / HTTP/1.1" 304 -
::1 - - [03/Feb/2023:22:51:36 +0100] "-" 408 -
::1 - - [03/Feb/2023:22:53:40 +0100] "GET / HTTP/1.1" 304 -
::1 - - [03/Feb/2023:22:54:02 +0100] "GET / HTTP/1.1" 304 -
::1 - - [03/Feb/2023:22:54:17 +0100] "GET /submit.php HTTP/1.1" 200 -
::1 - - [03/Feb/2023:22:54:30 +0100] "GET / HTTP/1.1" 304 -
::1 - - [03/Feb/2023:22:54:48 +0100] "GET /submit.php HTTP/1.1" 200 206
::1 - - [03/Feb/2023:22:55:48 +0100] "-" 408 -
192.168.1.173 - - [03/Feb/2023:22:56:47 +0100] "GET / HTTP/1.1" 200 475
192.168.1.173 - - [03/Feb/2023:22:56:47 +0100] "GET /Style.css HTTP/1.1" 200 1437
192.168.1.173 - - [03/Feb/2023:22:56:47 +0100] "GET /DropDown.js HTTP/1.1" 200 5446
192.168.1.173 - - [03/Feb/2023:22:56:48 +0100] "GET /Answers.JSON HTTP/1.1" 200 65412
192.168.1.173 - - [03/Feb/2023:22:56:48 +0100] "GET /favicon.ico HTTP/1.1" 404 196
192.168.1.173 - - [03/Feb/2023:22:56:53 +0100] "GET / HTTP/1.1" 200 475
192.168.1.173 - - [03/Feb/2023:22:56:53 +0100] "GET /Answers.JSON HTTP/1.1" 200 65412
192.168.1.173 - - [03/Feb/2023:22:57:02 +0100] "POST /submit.php HTTP/1.1" 200 207
192.168.1.173 - - [03/Feb/2023:22:57:03 +0100] "POST /submit.php HTTP/1.1" 200 207
::1 - - [03/Feb/2023:22:57:04 +0100] "GET /submit.php HTTP/1.1" 200 206
192.168.1.173 - - [03/Feb/2023:22:57:06 +0100] "POST /submit.php HTTP/1.1" 200 207
192.168.1.173 - - [03/Feb/2023:22:57:06 +0100] "POST /submit.php HTTP/1.1" 200 207
192.168.1.173 - - [03/Feb/2023:22:57:06 +0100] "POST /submit.php HTTP/1.1" 200 207
192.168.1.173 - - [03/Feb/2023:22:57:06 +0100] "POST /submit.php HTTP/1.1" 200 207
::1 - - [03/Feb/2023:22:57:10 +0100] "GET /submit.php HTTP/1.1" 200 206
::1 - - [03/Feb/2023:22:57:10 +0100] "GET /submit.php HTTP/1.1" 200 206
::1 - - [03/Feb/2023:22:58:10 +0100] "-" 408 -
::1 - - [03/Feb/2023:22:58:15 +0100] "GET /submit.php HTTP/1.1" 200 207
::1 - - [03/Feb/2023:22:59:03 +0100] "GET /Answers.json HTTP/1.1" 200 65412
::1 - - [03/Feb/2023:22:59:29 +0100] "GET /submit.php HTTP/1.1" 200 1
192.168.1.173 - - [03/Feb/2023:22:59:32 +0100] "POST /submit.php HTTP/1.1" 200 65415
::1 - - [03/Feb/2023:22:59:33 +0100] "GET /submit.php HTTP/1.1" 200 1
192.168.1.173 - - [03/Feb/2023:22:59:35 +0100] "POST /submit.php HTTP/1.1" 200 65413
::1 - - [03/Feb/2023:22:59:36 +0100] "GET /submit.php HTTP/1.1" 200 1
::1 - - [03/Feb/2023:23:00:29 +0100] "-" 408 -
::1 - - [03/Feb/2023:23:02:38 +0100] "GET /submit.php HTTP/1.1" 200 1
::1 - - [03/Feb/2023:23:03:38 +0100] "-" 408 -
::1 - - [03/Feb/2023:23:06:35 +0100] "GET /submit.php HTTP/1.1" 200 1
192.168.1.173 - - [03/Feb/2023:23:06:43 +0100] "POST /submit.php HTTP/1.1" 200 65415
::1 - - [03/Feb/2023:23:06:45 +0100] "GET /submit.php HTTP/1.1" 200 1
192.168.1.173 - - [03/Feb/2023:23:06:49 +0100] "POST /submit.php HTTP/1.1" 200 65413
::1 - - [03/Feb/2023:23:07:45 +0100] "-" 408 -
::1 - - [03/Feb/2023:23:10:43 +0100] "GET / HTTP/1.1" 304 -
::1 - - [03/Feb/2023:23:11:47 +0100] "GET / HTTP/1.1" 304 -
::1 - - [03/Feb/2023:23:12:57 +0100] "GET / HTTP/1.1" 304 -
::1 - - [03/Feb/2023:23:13:57 +0100] "-" 408 -
::1 - - [03/Feb/2023:23:14:25 +0100] "GET / HTTP/1.1" 200 475
::1 - - [03/Feb/2023:23:14:25 +0100] "GET /Style.css HTTP/1.1" 200 1437
::1 - - [03/Feb/2023:23:14:25 +0100] "GET /DropDown.js HTTP/1.1" 200 5446
::1 - - [03/Feb/2023:23:14:25 +0100] "GET /Answers.JSON HTTP/1.1" 200 65412
::1 - - [03/Feb/2023:23:14:25 +0100] "GET /favicon.ico HTTP/1.1" 404 196
::1 - - [03/Feb/2023:23:14:47 +0100] "POST /submit.php HTTP/1.1" 200 248
::1 - - [03/Feb/2023:23:14:48 +0100] "POST /submit.php HTTP/1.1" 200 248
::1 - - [03/Feb/2023:23:14:48 +0100] "POST /submit.php HTTP/1.1" 200 248
::1 - - [03/Feb/2023:23:14:49 +0100] "POST /submit.php HTTP/1.1" 200 248
::1 - - [03/Feb/2023:23:14:57 +0100] "GET /submit.php HTTP/1.1" 200 248
::1 - - [03/Feb/2023:23:15:51 +0100] "GET /submit.php HTTP/1.1" 200 211
::1 - - [03/Feb/2023:23:15:54 +0100] "GET /submit.php HTTP/1.1" 200 211
::1 - - [03/Feb/2023:23:15:54 +0100] "GET /favicon.ico HTTP/1.1" 404 196
::1 - - [03/Feb/2023:23:16:05 +0100] "GET /submit.php HTTP/1.1" 200 357
::1 - - [03/Feb/2023:23:16:26 +0100] "GET /submit.php HTTP/1.1" 200 206
::1 - - [03/Feb/2023:23:16:38 +0100] "GET /submit.php HTTP/1.1" 200 5
::1 - - [03/Feb/2023:23:16:38 +0100] "GET /favicon.ico HTTP/1.1" 404 196
::1 - - [03/Feb/2023:23:16:48 +0100] "POST /submit.php HTTP/1.1" 200 65419
::1 - - [03/Feb/2023:23:16:54 +0100] "GET /submit.php HTTP/1.1" 200 5
::1 - - [03/Feb/2023:23:16:55 +0100] "GET /favicon.ico HTTP/1.1" 404 196
::1 - - [03/Feb/2023:23:16:56 +0100] "GET / HTTP/1.1" 200 475
::1 - - [03/Feb/2023:23:16:56 +0100] "GET /Style.css HTTP/1.1" 200 1437
::1 - - [03/Feb/2023:23:16:56 +0100] "GET /DropDown.js HTTP/1.1" 200 5446
::1 - - [03/Feb/2023:23:16:56 +0100] "GET /Answers.JSON HTTP/1.1" 200 65412
::1 - - [03/Feb/2023:23:16:56 +0100] "GET /favicon.ico HTTP/1.1" 404 196
::1 - - [03/Feb/2023:23:16:59 +0100] "POST /submit.php HTTP/1.1" 200 65419
::1 - - [03/Feb/2023:23:17:45 +0100] "GET /submit.php HTTP/1.1" 200 5
192.168.1.173 - - [03/Feb/2023:23:17:46 +0100] "POST /submit.php HTTP/1.1" 200 65419
::1 - - [03/Feb/2023:23:17:48 +0100] "GET /submit.php HTTP/1.1" 200 5
::1 - - [03/Feb/2023:23:17:49 +0100] "GET /submit.php HTTP/1.1" 200 5
::1 - - [03/Feb/2023:23:17:49 +0100] "GET /favicon.ico HTTP/1.1" 404 196
192.168.1.173 - - [03/Feb/2023:23:17:50 +0100] "POST /submit.php HTTP/1.1" 200 65417
::1 - - [03/Feb/2023:23:18:14 +0100] "GET /submit.php HTTP/1.1" 200 5
::1 - - [03/Feb/2023:23:18:17 +0100] "POST /submit.php HTTP/1.1" 200 65421
::1 - - [03/Feb/2023:23:18:18 +0100] "POST /submit.php HTTP/1.1" 200 65419
::1 - - [03/Feb/2023:23:18:18 +0100] "POST /submit.php HTTP/1.1" 200 65417
::1 - - [03/Feb/2023:23:18:28 +0100] "POST /submit.php HTTP/1.1" 200 65419
::1 - - [03/Feb/2023:23:18:33 +0100] "GET / HTTP/1.1" 200 475
::1 - - [03/Feb/2023:23:18:33 +0100] "GET /Style.css HTTP/1.1" 200 1437
::1 - - [03/Feb/2023:23:18:33 +0100] "GET /DropDown.js HTTP/1.1" 200 5488
::1 - - [03/Feb/2023:23:18:33 +0100] "GET /Answers.JSON HTTP/1.1" 200 65412
::1 - - [03/Feb/2023:23:18:33 +0100] "GET /favicon.ico HTTP/1.1" 404 196
::1 - - [03/Feb/2023:23:18:36 +0100] "POST /submit.php HTTP/1.1" 200 65419
::1 - - [03/Feb/2023:23:20:03 +0100] "GET / HTTP/1.1" 200 475
::1 - - [03/Feb/2023:23:20:03 +0100] "GET /Style.css HTTP/1.1" 200 1437
::1 - - [03/Feb/2023:23:20:03 +0100] "GET /DropDown.js HTTP/1.1" 200 5466
::1 - - [03/Feb/2023:23:20:03 +0100] "GET /Answers.JSON HTTP/1.1" 200 65412
::1 - - [03/Feb/2023:23:20:03 +0100] "GET /favicon.ico HTTP/1.1" 404 196
::1 - - [03/Feb/2023:23:20:06 +0100] "POST /submit.php HTTP/1.1" 200 65419
::1 - - [03/Feb/2023:23:28:16 +0100] "GET / HTTP/1.1" 304 -
::1 - - [03/Feb/2023:23:28:16 +0100] "GET /DropDown.js HTTP/1.1" 200 5689
::1 - - [03/Feb/2023:23:28:23 +0100] "POST /submit.php HTTP/1.1" 200 65419
::1 - - [03/Feb/2023:23:29:01 +0100] "GET / HTTP/1.1" 200 475
::1 - - [03/Feb/2023:23:29:01 +0100] "GET /Style.css HTTP/1.1" 200 1437
::1 - - [03/Feb/2023:23:29:01 +0100] "GET /DropDown.js HTTP/1.1" 200 5684
::1 - - [03/Feb/2023:23:29:01 +0100] "GET /Answers.JSON HTTP/1.1" 200 65412
::1 - - [03/Feb/2023:23:29:01 +0100] "GET /favicon.ico HTTP/1.1" 404 196
::1 - - [03/Feb/2023:23:29:05 +0100] "POST /submit.php HTTP/1.1" 200 65419
::1 - - [03/Feb/2023:23:29:12 +0100] "POST /submit.php HTTP/1.1" 200 65417
::1 - - [03/Feb/2023:23:29:31 +0100] "GET / HTTP/1.1" 200 475
::1 - - [03/Feb/2023:23:29:31 +0100] "GET /Style.css HTTP/1.1" 200 1437
::1 - - [03/Feb/2023:23:29:31 +0100] "GET /DropDown.js HTTP/1.1" 200 5682
::1 - - [03/Feb/2023:23:29:31 +0100] "GET /Answers.JSON HTTP/1.1" 200 65412
::1 - - [03/Feb/2023:23:29:31 +0100] "GET /favicon.ico HTTP/1.1" 404 196
::1 - - [03/Feb/2023:23:29:34 +0100] "GET /submit.php HTTP/1.1" 200 5
::1 - - [03/Feb/2023:23:29:34 +0100] "POST /submit.php HTTP/1.1" 200 65419
::1 - - [03/Feb/2023:23:29:37 +0100] "POST /submit.php HTTP/1.1" 200 65417
::1 - - [03/Feb/2023:23:29:37 +0100] "GET /submit.php HTTP/1.1" 200 5
::1 - - [03/Feb/2023:23:40:13 +0100] "GET / HTTP/1.1" 200 475
::1 - - [03/Feb/2023:23:40:13 +0100] "GET /Style.css HTTP/1.1" 200 1437
::1 - - [03/Feb/2023:23:40:13 +0100] "GET /DropDown.js HTTP/1.1" 200 5174
::1 - - [03/Feb/2023:23:40:13 +0100] "GET /Answers.JSON HTTP/1.1" 200 65412
::1 - - [03/Feb/2023:23:40:13 +0100] "GET /favicon.ico HTTP/1.1" 404 196
::1 - - [03/Feb/2023:23:40:16 +0100] "POST /submit.php HTTP/1.1" 200 155447
::1 - - [03/Feb/2023:23:40:47 +0100] "GET /submit.php HTTP/1.1" 200 10
::1 - - [03/Feb/2023:23:41:29 +0100] "POST /submit.php HTTP/1.1" 200 155451
::1 - - [03/Feb/2023:23:42:09 +0100] "-" 408 -
::1 - - [03/Feb/2023:23:44:51 +0100] "GET / HTTP/1.1" 304 -
::1 - - [03/Feb/2023:23:44:51 +0100] "GET /DropDown.js HTTP/1.1" 304 -
::1 - - [03/Feb/2023:23:44:54 +0100] "POST /submit.php HTTP/1.1" 200 -
::1 - - [03/Feb/2023:23:44:59 +0100] "GET /submit.php HTTP/1.1" 200 -
192.168.1.173 - - [03/Feb/2023:23:45:24 +0100] "GET / HTTP/1.1" 200 475
192.168.1.173 - - [03/Feb/2023:23:45:24 +0100] "GET /Style.css HTTP/1.1" 200 1437
192.168.1.173 - - [03/Feb/2023:23:45:24 +0100] "GET /DropDown.js HTTP/1.1" 200 5174
192.168.1.173 - - [03/Feb/2023:23:45:24 +0100] "GET /Answers.JSON HTTP/1.1" 200 65412
192.168.1.173 - - [03/Feb/2023:23:45:24 +0100] "GET /favicon.ico HTTP/1.1" 404 196
::1 - - [03/Feb/2023:23:45:29 +0100] "GET /submit.php HTTP/1.1" 200 10
::1 - - [03/Feb/2023:23:45:29 +0100] "GET /favicon.ico HTTP/1.1" 404 196
192.168.1.173 - - [03/Feb/2023:23:45:36 +0100] "POST /submit.php HTTP/1.1" 200 155447
::1 - - [03/Feb/2023:23:45:38 +0100] "GET /submit.php HTTP/1.1" 200 10
::1 - - [03/Feb/2023:23:46:02 +0100] "GET /submit.php HTTP/1.1" 200 10
::1 - - [03/Feb/2023:23:46:03 +0100] "GET /favicon.ico HTTP/1.1" 404 196
192.168.1.173 - - [03/Feb/2023:23:46:06 +0100] "GET / HTTP/1.1" 200 475
192.168.1.173 - - [03/Feb/2023:23:46:06 +0100] "GET /DropDown.js HTTP/1.1" 200 5183
192.168.1.173 - - [03/Feb/2023:23:46:06 +0100] "GET /Answers.JSON HTTP/1.1" 200 65412
::1 - - [03/Feb/2023:23:46:15 +0100] "GET /DropDown.js HTTP/1.1" 200 5183
::1 - - [03/Feb/2023:23:46:20 +0100] "GET / HTTP/1.1" 200 475
::1 - - [03/Feb/2023:23:46:20 +0100] "GET /DropDown.js HTTP/1.1" 200 5183
::1 - - [03/Feb/2023:23:46:20 +0100] "GET /Style.css HTTP/1.1" 200 1437
::1 - - [03/Feb/2023:23:46:20 +0100] "GET /Answers.JSON HTTP/1.1" 200 65412
::1 - - [03/Feb/2023:23:46:20 +0100] "GET /favicon.ico HTTP/1.1" 404 196
::1 - - [03/Feb/2023:23:46:22 +0100] "POST /submit.php HTTP/1.1" 200 155447
::1 - - [03/Feb/2023:23:46:24 +0100] "GET /submit.php HTTP/1.1" 200 10
::1 - - [03/Feb/2023:23:46:26 +0100] "GET /submit.php HTTP/1.1" 200 10
::1 - - [03/Feb/2023:23:46:26 +0100] "GET /favicon.ico HTTP/1.1" 404 196
::1 - - [03/Feb/2023:23:46:26 +0100] "GET /submit.php HTTP/1.1" 200 10
::1 - - [03/Feb/2023:23:46:26 +0100] "GET /favicon.ico HTTP/1.1" 404 196
::1 - - [03/Feb/2023:23:46:32 +0100] "POST /submit.php HTTP/1.1" 200 155443
::1 - - [03/Feb/2023:23:48:17 +0100] "POST /submit.php HTTP/1.1" 200 155447
::1 - - [03/Feb/2023:23:48:17 +0100] "POST /submit.php HTTP/1.1" 200 155443
::1 - - [03/Feb/2023:23:48:31 +0100] "GET / HTTP/1.1" 200 475
::1 - - [03/Feb/2023:23:48:31 +0100] "GET /Style.css HTTP/1.1" 200 1437
::1 - - [03/Feb/2023:23:48:31 +0100] "GET /DropDown.js HTTP/1.1" 200 5174
::1 - - [03/Feb/2023:23:48:31 +0100] "GET /Answers.JSON HTTP/1.1" 200 65412
::1 - - [03/Feb/2023:23:48:31 +0100] "GET /favicon.ico HTTP/1.1" 404 196
::1 - - [03/Feb/2023:23:48:34 +0100] "POST /submit.php HTTP/1.1" 200 155447
::1 - - [03/Feb/2023:23:48:35 +0100] "POST /submit.php HTTP/1.1" 200 155443
::1 - - [03/Feb/2023:23:50:49 +0100] "POST /submit.php HTTP/1.1" 200 155447
::1 - - [03/Feb/2023:23:50:58 +0100] "POST /submit.php HTTP/1.1" 200 155451
::1 - - [03/Feb/2023:23:52:31 +0100] "POST /submit.php HTTP/1.1" 200 155453
::1 - - [03/Feb/2023:23:53:22 +0100] "POST /submit.php HTTP/1.1" 200 155457
::1 - - [03/Feb/2023:23:53:28 +0100] "POST /submit.php HTTP/1.1" 200 155459
::1 - - [03/Feb/2023:23:53:36 +0100] "GET / HTTP/1.1" 200 475
::1 - - [03/Feb/2023:23:53:36 +0100] "GET /Style.css HTTP/1.1" 200 1437
::1 - - [03/Feb/2023:23:53:36 +0100] "GET /DropDown.js HTTP/1.1" 200 5174
::1 - - [03/Feb/2023:23:53:37 +0100] "GET /Answers.JSON HTTP/1.1" 200 65414
::1 - - [03/Feb/2023:23:53:37 +0100] "GET /favicon.ico HTTP/1.1" 404 196
::1 - - [03/Feb/2023:23:53:39 +0100] "POST /submit.php HTTP/1.1" 200 155447
::1 - - [03/Feb/2023:23:55:44 +0100] "GET / HTTP/1.1" 200 475
::1 - - [03/Feb/2023:23:55:44 +0100] "GET /Style.css HTTP/1.1" 200 1437
::1 - - [03/Feb/2023:23:55:44 +0100] "GET /DropDown.js HTTP/1.1" 200 5174
::1 - - [03/Feb/2023:23:55:44 +0100] "GET /Answers.JSON HTTP/1.1" 200 65414
::1 - - [03/Feb/2023:23:55:44 +0100] "GET /favicon.ico HTTP/1.1" 404 196
::1 - - [03/Feb/2023:23:55:48 +0100] "GET /submit.php HTTP/1.1" 200 -
::1 - - [03/Feb/2023:23:55:53 +0100] "POST /submit.php HTTP/1.1" 200 -
::1 - - [03/Feb/2023:23:55:53 +0100] "POST /submit.php HTTP/1.1" 200 -
::1 - - [03/Feb/2023:23:55:53 +0100] "POST /submit.php HTTP/1.1" 200 -
::1 - - [03/Feb/2023:23:55:57 +0100] "GET / HTTP/1.1" 200 475
::1 - - [03/Feb/2023:23:55:57 +0100] "GET /Style.css HTTP/1.1" 200 1437
::1 - - [03/Feb/2023:23:55:57 +0100] "GET /DropDown.js HTTP/1.1" 200 5174
::1 - - [03/Feb/2023:23:55:57 +0100] "GET /Answers.JSON HTTP/1.1" 200 65417
::1 - - [03/Feb/2023:23:55:57 +0100] "GET /favicon.ico HTTP/1.1" 404 196
::1 - - [03/Feb/2023:23:56:03 +0100] "POST /submit.php HTTP/1.1" 200 -
::1 - - [03/Feb/2023:23:56:04 +0100] "POST /submit.php HTTP/1.1" 200 -
::1 - - [03/Feb/2023:23:56:04 +0100] "POST /submit.php HTTP/1.1" 200 -
::1 - - [03/Feb/2023:23:56:08 +0100] "GET / HTTP/1.1" 200 475
::1 - - [03/Feb/2023:23:56:08 +0100] "GET /Style.css HTTP/1.1" 200 1437
::1 - - [03/Feb/2023:23:56:08 +0100] "GET /DropDown.js HTTP/1.1" 200 5174
::1 - - [03/Feb/2023:23:56:08 +0100] "GET /Answers.JSON HTTP/1.1" 200 65412
::1 - - [03/Feb/2023:23:56:08 +0100] "GET /favicon.ico HTTP/1.1" 404 196
::1 - - [04/Feb/2023:00:02:54 +0100] "GET / HTTP/1.1" 200 475
::1 - - [04/Feb/2023:00:02:54 +0100] "GET /Style.css HTTP/1.1" 200 1437
::1 - - [04/Feb/2023:00:02:54 +0100] "GET /DropDown.js HTTP/1.1" 200 5335
::1 - - [04/Feb/2023:00:02:54 +0100] "GET /Answers.JSON HTTP/1.1" 200 65412
::1 - - [04/Feb/2023:00:02:54 +0100] "GET /favicon.ico HTTP/1.1" 404 196
::1 - - [04/Feb/2023:00:03:25 +0100] "GET / HTTP/1.1" 200 475
::1 - - [04/Feb/2023:00:03:25 +0100] "GET /Style.css HTTP/1.1" 200 1437
::1 - - [04/Feb/2023:00:03:25 +0100] "GET /DropDown.js HTTP/1.1" 200 5330
::1 - - [04/Feb/2023:00:03:25 +0100] "GET /Answers.JSON HTTP/1.1" 200 65412
::1 - - [04/Feb/2023:00:03:25 +0100] "GET /favicon.ico HTTP/1.1" 404 196
::1 - - [04/Feb/2023:00:03:29 +0100] "POST /submit.php HTTP/1.1" 200 -
::1 - - [04/Feb/2023:00:03:35 +0100] "POST /submit.php HTTP/1.1" 200 -
::1 - - [04/Feb/2023:00:04:13 +0100] "GET / HTTP/1.1" 200 475
::1 - - [04/Feb/2023:00:04:13 +0100] "GET /Style.css HTTP/1.1" 200 1437
::1 - - [04/Feb/2023:00:04:13 +0100] "GET /DropDown.js HTTP/1.1" 200 5328
::1 - - [04/Feb/2023:00:04:13 +0100] "GET /Answers.JSON HTTP/1.1" 200 65412
::1 - - [04/Feb/2023:00:04:13 +0100] "GET /favicon.ico HTTP/1.1" 404 196
::1 - - [04/Feb/2023:00:05:52 +0100] "GET / HTTP/1.1" 200 475
::1 - - [04/Feb/2023:00:05:52 +0100] "GET /Style.css HTTP/1.1" 200 1437
::1 - - [04/Feb/2023:00:05:52 +0100] "GET /DropDown.js HTTP/1.1" 200 5617
::1 - - [04/Feb/2023:00:05:52 +0100] "GET /Answers.JSON HTTP/1.1" 200 65412
::1 - - [04/Feb/2023:00:05:52 +0100] "GET /favicon.ico HTTP/1.1" 404 196
::1 - - [04/Feb/2023:00:05:55 +0100] "POST /submit.php HTTP/1.1" 200 -
::1 - - [04/Feb/2023:00:05:56 +0100] "POST /submit.php HTTP/1.1" 200 -
::1 - - [04/Feb/2023:00:06:02 +0100] "POST /submit.php HTTP/1.1" 200 -
::1 - - [04/Feb/2023:00:06:03 +0100] "POST /submit.php HTTP/1.1" 200 -
::1 - - [04/Feb/2023:00:07:28 +0100] "GET / HTTP/1.1" 200 475
::1 - - [04/Feb/2023:00:07:28 +0100] "GET /Style.css HTTP/1.1" 200 1437
::1 - - [04/Feb/2023:00:07:28 +0100] "GET /DropDown.js HTTP/1.1" 200 5950
::1 - - [04/Feb/2023:00:07:28 +0100] "GET /Answers.JSON HTTP/1.1" 200 65412
::1 - - [04/Feb/2023:00:07:28 +0100] "GET /favicon.ico HTTP/1.1" 404 196
::1 - - [04/Feb/2023:00:07:30 +0100] "POST /submit.php HTTP/1.1" 200 -
::1 - - [04/Feb/2023:00:07:31 +0100] "POST /submit.php HTTP/1.1" 200 -
::1 - - [04/Feb/2023:00:07:51 +0100] "GET / HTTP/1.1" 200 475
::1 - - [04/Feb/2023:00:07:51 +0100] "GET /Style.css HTTP/1.1" 200 1437
::1 - - [04/Feb/2023:00:07:51 +0100] "GET /DropDown.js HTTP/1.1" 200 5948
::1 - - [04/Feb/2023:00:07:51 +0100] "GET /Answers.JSON HTTP/1.1" 200 65412
::1 - - [04/Feb/2023:00:07:51 +0100] "GET /favicon.ico HTTP/1.1" 404 196
::1 - - [04/Feb/2023:00:07:54 +0100] "POST /submit.php HTTP/1.1" 200 -
::1 - - [04/Feb/2023:00:07:54 +0100] "POST /submit.php HTTP/1.1" 200 -
::1 - - [04/Feb/2023:00:08:02 +0100] "POST /submit.php HTTP/1.1" 200 -
::1 - - [04/Feb/2023:00:08:03 +0100] "POST /submit.php HTTP/1.1" 200 -
::1 - - [04/Feb/2023:00:08:03 +0100] "POST /submit.php HTTP/1.1" 200 -
::1 - - [04/Feb/2023:00:08:04 +0100] "POST /submit.php HTTP/1.1" 200 -
::1 - - [04/Feb/2023:00:08:05 +0100] "POST /submit.php HTTP/1.1" 200 -
::1 - - [04/Feb/2023:00:08:05 +0100] "POST /submit.php HTTP/1.1" 200 -
::1 - - [04/Feb/2023:00:08:05 +0100] "POST /submit.php HTTP/1.1" 200 -
::1 - - [04/Feb/2023:00:08:06 +0100] "POST /submit.php HTTP/1.1" 200 -
::1 - - [04/Feb/2023:00:08:06 +0100] "POST /submit.php HTTP/1.1" 200 -
::1 - - [04/Feb/2023:00:08:07 +0100] "POST /submit.php HTTP/1.1" 200 -
::1 - - [04/Feb/2023:00:08:07 +0100] "POST /submit.php HTTP/1.1" 200 -
::1 - - [04/Feb/2023:00:08:07 +0100] "POST /submit.php HTTP/1.1" 200 -
::1 - - [04/Feb/2023:00:08:07 +0100] "POST /submit.php HTTP/1.1" 200 -
::1 - - [04/Feb/2023:00:08:08 +0100] "POST /submit.php HTTP/1.1" 200 -
::1 - - [04/Feb/2023:00:08:08 +0100] "POST /submit.php HTTP/1.1" 200 -
::1 - - [04/Feb/2023:00:08:08 +0100] "POST /submit.php HTTP/1.1" 200 -
::1 - - [04/Feb/2023:00:08:08 +0100] "POST /submit.php HTTP/1.1" 200 -
::1 - - [04/Feb/2023:00:08:08 +0100] "POST /submit.php HTTP/1.1" 200 -
::1 - - [04/Feb/2023:00:08:08 +0100] "POST /submit.php HTTP/1.1" 200 -
::1 - - [04/Feb/2023:00:08:09 +0100] "POST /submit.php HTTP/1.1" 200 -
::1 - - [04/Feb/2023:00:08:09 +0100] "POST /submit.php HTTP/1.1" 200 -
::1 - - [04/Feb/2023:00:08:09 +0100] "POST /submit.php HTTP/1.1" 200 -
::1 - - [04/Feb/2023:00:08:09 +0100] "POST /submit.php HTTP/1.1" 200 -
::1 - - [04/Feb/2023:00:08:09 +0100] "POST /submit.php HTTP/1.1" 200 -
::1 - - [04/Feb/2023:00:08:09 +0100] "POST /submit.php HTTP/1.1" 200 -
::1 - - [04/Feb/2023:00:08:09 +0100] "POST /submit.php HTTP/1.1" 200 -
::1 - - [04/Feb/2023:00:08:09 +0100] "POST /submit.php HTTP/1.1" 200 -
::1 - - [04/Feb/2023:00:08:09 +0100] "POST /submit.php HTTP/1.1" 200 -
::1 - - [04/Feb/2023:00:08:10 +0100] "POST /submit.php HTTP/1.1" 200 -
::1 - - [04/Feb/2023:00:08:10 +0100] "POST /submit.php HTTP/1.1" 200 -
::1 - - [04/Feb/2023:00:08:10 +0100] "POST /submit.php HTTP/1.1" 200 -
::1 - - [04/Feb/2023:00:08:13 +0100] "GET / HTTP/1.1" 304 -
::1 - - [04/Feb/2023:00:08:13 +0100] "GET /DropDown.js HTTP/1.1" 304 -
::1 - - [04/Feb/2023:00:08:13 +0100] "GET /Answers.JSON HTTP/1.1" 200 65434
192.168.1.173 - - [04/Feb/2023:00:08:24 +0100] "GET / HTTP/1.1" 200 475
192.168.1.173 - - [04/Feb/2023:00:08:24 +0100] "GET /DropDown.js HTTP/1.1" 200 5948
192.168.1.173 - - [04/Feb/2023:00:08:24 +0100] "GET /Answers.JSON HTTP/1.1" 200 65434
::1 - - [04/Feb/2023:00:09:13 +0100] "-" 408 -
::1 - - [04/Feb/2023:00:09:34 +0100] "GET / HTTP/1.1" 200 475
::1 - - [04/Feb/2023:00:09:34 +0100] "GET /Style.css HTTP/1.1" 200 1436
::1 - - [04/Feb/2023:00:09:34 +0100] "GET /DropDown.js HTTP/1.1" 200 5948
::1 - - [04/Feb/2023:00:09:34 +0100] "GET /Answers.JSON HTTP/1.1" 200 65434
::1 - - [04/Feb/2023:00:09:34 +0100] "GET /favicon.ico HTTP/1.1" 404 196
::1 - - [04/Feb/2023:00:09:43 +0100] "GET / HTTP/1.1" 200 475
::1 - - [04/Feb/2023:00:09:43 +0100] "GET /Style.css HTTP/1.1" 200 1436
::1 - - [04/Feb/2023:00:09:43 +0100] "GET /DropDown.js HTTP/1.1" 200 5948
::1 - - [04/Feb/2023:00:09:43 +0100] "GET /Answers.JSON HTTP/1.1" 200 65434
::1 - - [04/Feb/2023:00:09:43 +0100] "GET /favicon.ico HTTP/1.1" 404 196
::1 - - [04/Feb/2023:00:09:52 +0100] "POST /submit.php HTTP/1.1" 200 -
::1 - - [04/Feb/2023:00:09:53 +0100] "POST /submit.php HTTP/1.1" 200 -
::1 - - [04/Feb/2023:00:10:04 +0100] "POST /submit.php HTTP/1.1" 200 -
::1 - - [04/Feb/2023:00:10:11 +0100] "POST /submit.php HTTP/1.1" 200 -
::1 - - [04/Feb/2023:00:10:13 +0100] "POST /submit.php HTTP/1.1" 200 -
::1 - - [04/Feb/2023:00:10:15 +0100] "GET / HTTP/1.1" 304 -
::1 - - [04/Feb/2023:00:10:15 +0100] "GET /Style.css HTTP/1.1" 304 -
::1 - - [04/Feb/2023:00:10:15 +0100] "GET /DropDown.js HTTP/1.1" 304 -
::1 - - [04/Feb/2023:00:10:15 +0100] "GET /Answers.JSON HTTP/1.1" 200 65409
::1 - - [04/Feb/2023:00:10:48 +0100] "GET / HTTP/1.1" 200 475
::1 - - [04/Feb/2023:00:10:48 +0100] "GET /Style.css HTTP/1.1" 200 1475
::1 - - [04/Feb/2023:00:10:48 +0100] "GET /DropDown.js HTTP/1.1" 200 5948
::1 - - [04/Feb/2023:00:10:48 +0100] "GET /Answers.JSON HTTP/1.1" 200 65409
::1 - - [04/Feb/2023:00:10:48 +0100] "GET /favicon.ico HTTP/1.1" 404 196
::1 - - [04/Feb/2023:00:11:01 +0100] "GET / HTTP/1.1" 200 475
::1 - - [04/Feb/2023:00:11:01 +0100] "GET /Style.css HTTP/1.1" 200 1475
::1 - - [04/Feb/2023:00:11:01 +0100] "GET /DropDown.js HTTP/1.1" 200 5948
::1 - - [04/Feb/2023:00:11:02 +0100] "GET /Answers.JSON HTTP/1.1" 200 65409
::1 - - [04/Feb/2023:00:11:02 +0100] "GET /favicon.ico HTTP/1.1" 404 196
::1 - - [04/Feb/2023:00:11:02 +0100] "GET / HTTP/1.1" 200 475
::1 - - [04/Feb/2023:00:11:02 +0100] "GET /Style.css HTTP/1.1" 200 1475
::1 - - [04/Feb/2023:00:11:02 +0100] "GET /DropDown.js HTTP/1.1" 200 5948
::1 - - [04/Feb/2023:00:11:02 +0100] "GET /Answers.JSON HTTP/1.1" 200 65409
::1 - - [04/Feb/2023:00:11:02 +0100] "GET /favicon.ico HTTP/1.1" 404 196
::1 - - [04/Feb/2023:00:11:06 +0100] "POST /submit.php HTTP/1.1" 200 -
::1 - - [04/Feb/2023:00:11:06 +0100] "POST /submit.php HTTP/1.1" 200 -
::1 - - [04/Feb/2023:00:11:06 +0100] "POST /submit.php HTTP/1.1" 200 -
::1 - - [04/Feb/2023:00:11:06 +0100] "POST /submit.php HTTP/1.1" 200 -
::1 - - [04/Feb/2023:00:11:07 +0100] "POST /submit.php HTTP/1.1" 200 -
::1 - - [04/Feb/2023:00:11:07 +0100] "POST /submit.php HTTP/1.1" 200 -
::1 - - [04/Feb/2023:00:11:35 +0100] "GET / HTTP/1.1" 200 475
::1 - - [04/Feb/2023:00:11:36 +0100] "GET /Style.css HTTP/1.1" 200 1523
::1 - - [04/Feb/2023:00:11:36 +0100] "GET /DropDown.js HTTP/1.1" 200 5948
::1 - - [04/Feb/2023:00:11:36 +0100] "GET /Answers.JSON HTTP/1.1" 200 65415
::1 - - [04/Feb/2023:00:11:36 +0100] "GET /favicon.ico HTTP/1.1" 404 196
::1 - - [04/Feb/2023:00:11:40 +0100] "POST /submit.php HTTP/1.1" 200 -
::1 - - [04/Feb/2023:00:12:01 +0100] "GET / HTTP/1.1" 200 475
::1 - - [04/Feb/2023:00:12:01 +0100] "GET /Style.css HTTP/1.1" 200 1523
::1 - - [04/Feb/2023:00:12:01 +0100] "GET /DropDown.js HTTP/1.1" 200 5948
::1 - - [04/Feb/2023:00:12:01 +0100] "GET /Answers.JSON HTTP/1.1" 200 65409
::1 - - [04/Feb/2023:00:12:01 +0100] "GET /favicon.ico HTTP/1.1" 404 196
::1 - - [04/Feb/2023:00:12:14 +0100] "GET / HTTP/1.1" 200 475
::1 - - [04/Feb/2023:00:12:14 +0100] "GET /Style.css HTTP/1.1" 200 1523
::1 - - [04/Feb/2023:00:12:14 +0100] "GET /DropDown.js HTTP/1.1" 200 5948
::1 - - [04/Feb/2023:00:12:14 +0100] "GET /Answers.JSON HTTP/1.1" 200 65409
::1 - - [04/Feb/2023:00:12:14 +0100] "GET /favicon.ico HTTP/1.1" 404 196
::1 - - [04/Feb/2023:00:12:19 +0100] "POST /submit.php HTTP/1.1" 200 -
::1 - - [04/Feb/2023:00:12:20 +0100] "POST /submit.php HTTP/1.1" 200 -
::1 - - [04/Feb/2023:00:12:36 +0100] "GET / HTTP/1.1" 304 -
::1 - - [04/Feb/2023:00:12:36 +0100] "GET /Style.css HTTP/1.1" 200 1562
::1 - - [04/Feb/2023:00:12:36 +0100] "GET /Answers.JSON HTTP/1.1" 200 65409
::1 - - [04/Feb/2023:00:12:56 +0100] "POST /submit.php HTTP/1.1" 200 -
::1 - - [04/Feb/2023:00:12:56 +0100] "POST /submit.php HTTP/1.1" 200 -
::1 - - [04/Feb/2023:00:12:56 +0100] "POST /submit.php HTTP/1.1" 200 -
::1 - - [04/Feb/2023:00:13:27 +0100] "GET / HTTP/1.1" 200 475
::1 - - [04/Feb/2023:00:13:27 +0100] "GET /Style.css HTTP/1.1" 200 1584
::1 - - [04/Feb/2023:00:13:27 +0100] "GET /DropDown.js HTTP/1.1" 200 5948
::1 - - [04/Feb/2023:00:13:27 +0100] "GET /Answers.JSON HTTP/1.1" 200 65412
::1 - - [04/Feb/2023:00:13:27 +0100] "GET /favicon.ico HTTP/1.1" 404 196
::1 - - [04/Feb/2023:00:13:55 +0100] "GET / HTTP/1.1" 304 -
::1 - - [04/Feb/2023:00:13:55 +0100] "GET /Style.css HTTP/1.1" 200 1580
::1 - - [04/Feb/2023:00:13:55 +0100] "GET /Answers.JSON HTTP/1.1" 304 -
::1 - - [04/Feb/2023:00:13:56 +0100] "GET / HTTP/1.1" 200 475
::1 - - [04/Feb/2023:00:13:56 +0100] "GET /Style.css HTTP/1.1" 200 1580
::1 - - [04/Feb/2023:00:13:56 +0100] "GET /DropDown.js HTTP/1.1" 200 5948
::1 - - [04/Feb/2023:00:13:56 +0100] "GET /Answers.JSON HTTP/1.1" 200 65412
::1 - - [04/Feb/2023:00:13:56 +0100] "GET /favicon.ico HTTP/1.1" 404 196
::1 - - [04/Feb/2023:00:14:15 +0100] "GET / HTTP/1.1" 304 -
::1 - - [04/Feb/2023:00:14:15 +0100] "GET /Style.css HTTP/1.1" 200 1562
::1 - - [04/Feb/2023:00:14:15 +0100] "GET /Answers.JSON HTTP/1.1" 304 -
::1 - - [04/Feb/2023:00:14:19 +0100] "POST /submit.php HTTP/1.1" 200 -
::1 - - [04/Feb/2023:00:14:28 +0100] "POST /submit.php HTTP/1.1" 200 -
::1 - - [04/Feb/2023:00:14:29 +0100] "POST /submit.php HTTP/1.1" 200 -
::1 - - [04/Feb/2023:00:14:29 +0100] "POST /submit.php HTTP/1.1" 200 -
::1 - - [04/Feb/2023:00:14:37 +0100] "GET / HTTP/1.1" 304 -
::1 - - [04/Feb/2023:00:14:37 +0100] "GET /Style.css HTTP/1.1" 200 1562
::1 - - [04/Feb/2023:00:14:37 +0100] "GET /DropDown.js HTTP/1.1" 304 -
::1 - - [04/Feb/2023:00:14:37 +0100] "GET /Answers.JSON HTTP/1.1" 200 65412
::1 - - [04/Feb/2023:00:14:41 +0100] "POST /submit.php HTTP/1.1" 200 -
::1 - - [04/Feb/2023:00:14:43 +0100] "POST /submit.php HTTP/1.1" 200 -
::1 - - [04/Feb/2023:00:14:43 +0100] "POST /submit.php HTTP/1.1" 200 -
::1 - - [04/Feb/2023:00:14:43 +0100] "POST /submit.php HTTP/1.1" 200 -
::1 - - [04/Feb/2023:00:14:43 +0100] "POST /submit.php HTTP/1.1" 200 -
::1 - - [04/Feb/2023:00:14:55 +0100] "POST /submit.php HTTP/1.1" 200 -
::1 - - [04/Feb/2023:00:14:57 +0100] "POST /submit.php HTTP/1.1" 200 -
::1 - - [04/Feb/2023:00:14:57 +0100] "POST /submit.php HTTP/1.1" 200 -
::1 - - [04/Feb/2023:00:14:57 +0100] "POST /submit.php HTTP/1.1" 200 -
192.168.1.173 - - [04/Feb/2023:00:15:13 +0100] "GET / HTTP/1.1" 200 475
192.168.1.173 - - [04/Feb/2023:00:15:13 +0100] "GET /DropDown.js HTTP/1.1" 304 -
192.168.1.173 - - [04/Feb/2023:00:15:13 +0100] "GET /Answers.JSON HTTP/1.1" 200 65412
192.168.1.173 - - [04/Feb/2023:00:15:22 +0100] "POST /submit.php HTTP/1.1" 200 -
192.168.1.173 - - [04/Feb/2023:00:15:22 +0100] "POST /submit.php HTTP/1.1" 200 -
192.168.1.173 - - [04/Feb/2023:00:15:22 +0100] "POST /submit.php HTTP/1.1" 200 -
192.168.1.173 - - [04/Feb/2023:00:15:23 +0100] "POST /submit.php HTTP/1.1" 200 -
192.168.1.173 - - [04/Feb/2023:00:15:23 +0100] "POST /submit.php HTTP/1.1" 200 -
192.168.1.173 - - [04/Feb/2023:00:15:23 +0100] "POST /submit.php HTTP/1.1" 200 -
192.168.1.173 - - [04/Feb/2023:00:15:23 +0100] "POST /submit.php HTTP/1.1" 200 -
192.168.1.173 - - [04/Feb/2023:00:15:23 +0100] "POST /submit.php HTTP/1.1" 200 -
192.168.1.173 - - [04/Feb/2023:00:15:23 +0100] "POST /submit.php HTTP/1.1" 200 -
192.168.1.173 - - [04/Feb/2023:00:15:23 +0100] "POST /submit.php HTTP/1.1" 200 -
192.168.1.173 - - [04/Feb/2023:00:15:24 +0100] "POST /submit.php HTTP/1.1" 200 -
192.168.1.173 - - [04/Feb/2023:00:15:24 +0100] "POST /submit.php HTTP/1.1" 200 -
::1 - - [04/Feb/2023:00:15:25 +0100] "GET / HTTP/1.1" 304 -
::1 - - [04/Feb/2023:00:15:25 +0100] "GET /Style.css HTTP/1.1" 304 -
::1 - - [04/Feb/2023:00:15:25 +0100] "GET /DropDown.js HTTP/1.1" 304 -
::1 - - [04/Feb/2023:00:15:25 +0100] "GET /Answers.JSON HTTP/1.1" 200 65417
::1 - - [04/Feb/2023:00:15:31 +0100] "POST /submit.php HTTP/1.1" 200 -
::1 - - [04/Feb/2023:00:15:32 +0100] "GET / HTTP/1.1" 304 -
::1 - - [04/Feb/2023:00:15:32 +0100] "GET /Style.css HTTP/1.1" 304 -
::1 - - [04/Feb/2023:00:15:33 +0100] "GET /Answers.JSON HTTP/1.1" 200 65409
192.168.1.173 - - [04/Feb/2023:00:15:37 +0100] "POST /submit.php HTTP/1.1" 200 -
192.168.1.173 - - [04/Feb/2023:00:15:37 +0100] "POST /submit.php HTTP/1.1" 200 -
192.168.1.173 - - [04/Feb/2023:00:15:37 +0100] "POST /submit.php HTTP/1.1" 200 -
::1 - - [04/Feb/2023:00:15:39 +0100] "GET / HTTP/1.1" 304 -
::1 - - [04/Feb/2023:00:15:40 +0100] "GET /Style.css HTTP/1.1" 304 -
::1 - - [04/Feb/2023:00:15:40 +0100] "GET /Answers.JSON HTTP/1.1" 200 65420
::1 - - [04/Feb/2023:00:15:46 +0100] "POST /submit.php HTTP/1.1" 200 -
::1 - - [04/Feb/2023:00:15:46 +0100] "POST /submit.php HTTP/1.1" 200 -
::1 - - [04/Feb/2023:00:15:46 +0100] "POST /submit.php HTTP/1.1" 200 -
192.168.1.173 - - [04/Feb/2023:00:15:50 +0100] "GET / HTTP/1.1" 200 475
192.168.1.173 - - [04/Feb/2023:00:15:50 +0100] "GET /Answers.JSON HTTP/1.1" 200 65412
::1 - - [04/Feb/2023:00:15:53 +0100] "GET / HTTP/1.1" 304 -
::1 - - [04/Feb/2023:00:15:53 +0100] "GET /Style.css HTTP/1.1" 304 -
::1 - - [04/Feb/2023:00:15:54 +0100] "GET /Answers.JSON HTTP/1.1" 200 65412
::1 - - [04/Feb/2023:00:16:21 +0100] "GET /Style.css HTTP/1.1" 304 -
::1 - - [04/Feb/2023:00:16:21 +0100] "GET /DropDown.js HTTP/1.1" 304 -
::1 - - [04/Feb/2023:00:16:21 +0100] "GET /Answers.JSON HTTP/1.1" 304 -
::1 - - [04/Feb/2023:00:16:22 +0100] "GET /favicon.ico HTTP/1.1" 404 196
::1 - - [04/Feb/2023:00:17:33 +0100] "GET / HTTP/1.1" 304 -
::1 - - [04/Feb/2023:00:17:33 +0100] "GET /Style.css HTTP/1.1" 304 -
::1 - - [04/Feb/2023:00:17:33 +0100] "GET /DropDown.js HTTP/1.1" 304 -
::1 - - [04/Feb/2023:00:17:33 +0100] "GET /Answers.JSON HTTP/1.1" 304 -
::1 - - [04/Feb/2023:00:17:34 +0100] "GET / HTTP/1.1" 304 -
::1 - - [04/Feb/2023:00:22:32 +0100] "GET / HTTP/1.1" 304 -
::1 - - [04/Feb/2023:00:22:32 +0100] "GET /Style.css HTTP/1.1" 304 -
::1 - - [04/Feb/2023:00:22:32 +0100] "GET /DropDown.js HTTP/1.1" 304 -
::1 - - [04/Feb/2023:00:22:33 +0100] "GET /Answers.JSON HTTP/1.1" 304 -
::1 - - [04/Feb/2023:00:22:38 +0100] "POST /submit.php HTTP/1.1" 200 -
::1 - - [04/Feb/2023:00:22:38 +0100] "POST /submit.php HTTP/1.1" 200 -
::1 - - [04/Feb/2023:00:22:38 +0100] "POST /submit.php HTTP/1.1" 200 -
::1 - - [04/Feb/2023:00:22:39 +0100] "GET / HTTP/1.1" 304 -
::1 - - [04/Feb/2023:00:22:54 +0100] "POST /submit.php HTTP/1.1" 200 -
::1 - - [04/Feb/2023:00:22:55 +0100] "POST /submit.php HTTP/1.1" 200 -
::1 - - [04/Feb/2023:00:22:55 +0100] "POST /submit.php HTTP/1.1" 200 -
::1 - - [04/Feb/2023:00:23:23 +0100] "GET / HTTP/1.1" 304 -
::1 - - [04/Feb/2023:00:23:23 +0100] "GET /Style.css HTTP/1.1" 304 -
::1 - - [04/Feb/2023:00:23:24 +0100] "GET /Answers.JSON HTTP/1.1" 200 65412
::1 - - [04/Feb/2023:00:23:29 +0100] "POST /submit.php HTTP/1.1" 200 -
::1 - - [04/Feb/2023:00:23:30 +0100] "GET / HTTP/1.1" 304 -
::1 - - [04/Feb/2023:00:23:30 +0100] "GET /Answers.JSON HTTP/1.1" 200 65409
::1 - - [04/Feb/2023:00:23:34 +0100] "POST /submit.php HTTP/1.1" 200 -
::1 - - [04/Feb/2023:00:23:34 +0100] "POST /submit.php HTTP/1.1" 200 -
::1 - - [04/Feb/2023:00:23:34 +0100] "POST /submit.php HTTP/1.1" 200 -
::1 - - [04/Feb/2023:00:23:34 +0100] "POST /submit.php HTTP/1.1" 200 -
::1 - - [04/Feb/2023:00:23:34 +0100] "POST /submit.php HTTP/1.1" 200 -
::1 - - [04/Feb/2023:00:23:37 +0100] "GET / HTTP/1.1" 304 -
::1 - - [04/Feb/2023:00:23:37 +0100] "GET /Answers.JSON HTTP/1.1" 200 65414
::1 - - [04/Feb/2023:00:23:40 +0100] "POST /submit.php HTTP/1.1" 200 -
::1 - - [04/Feb/2023:00:24:01 +0100] "GET /DropDown.js HTTP/1.1" 304 -
::1 - - [04/Feb/2023:00:24:02 +0100] "GET /Answers.JSON HTTP/1.1" 200 65409
::1 - - [04/Feb/2023:00:24:02 +0100] "GET /favicon.ico HTTP/1.1" 404 196
::1 - - [04/Feb/2023:00:24:07 +0100] "POST /submit.php HTTP/1.1" 200 -
::1 - - [04/Feb/2023:00:24:07 +0100] "POST /submit.php HTTP/1.1" 200 -
::1 - - [04/Feb/2023:00:24:07 +0100] "POST /submit.php HTTP/1.1" 200 -
::1 - - [04/Feb/2023:00:24:07 +0100] "POST /submit.php HTTP/1.1" 200 -
::1 - - [04/Feb/2023:00:24:07 +0100] "POST /submit.php HTTP/1.1" 200 -
::1 - - [04/Feb/2023:00:24:07 +0100] "POST /submit.php HTTP/1.1" 200 -
::1 - - [04/Feb/2023:00:24:07 +0100] "POST /submit.php HTTP/1.1" 200 -
::1 - - [04/Feb/2023:00:24:07 +0100] "POST /submit.php HTTP/1.1" 200 -
::1 - - [04/Feb/2023:00:24:09 +0100] "GET / HTTP/1.1" 304 -
::1 - - [04/Feb/2023:00:24:09 +0100] "GET /Answers.JSON HTTP/1.1" 200 65417
127.0.0.1 - - [04/Feb/2023:00:24:53 +0100] "GET / HTTP/1.1" 304 -
127.0.0.1 - - [04/Feb/2023:00:24:53 +0100] "GET /Style.css HTTP/1.1" 304 -
127.0.0.1 - - [04/Feb/2023:00:24:53 +0100] "GET /Answers.JSON HTTP/1.1" 304 -
127.0.0.1 - - [04/Feb/2023:00:24:53 +0100] "GET /favicon.ico HTTP/1.1" 404 196
127.0.0.1 - - [04/Feb/2023:00:24:55 +0100] "GET / HTTP/1.1" 304 -
127.0.0.1 - - [04/Feb/2023:00:24:58 +0100] "POST /submit.php HTTP/1.1" 200 -
127.0.0.1 - - [04/Feb/2023:00:24:59 +0100] "POST /submit.php HTTP/1.1" 200 -
127.0.0.1 - - [04/Feb/2023:00:24:59 +0100] "POST /submit.php HTTP/1.1" 200 -
127.0.0.1 - - [04/Feb/2023:00:24:59 +0100] "POST /submit.php HTTP/1.1" 200 -
127.0.0.1 - - [04/Feb/2023:00:24:59 +0100] "POST /submit.php HTTP/1.1" 200 -
127.0.0.1 - - [04/Feb/2023:00:25:00 +0100] "GET / HTTP/1.1" 304 -
127.0.0.1 - - [04/Feb/2023:00:25:00 +0100] "GET /Answers.JSON HTTP/1.1" 200 65414
127.0.0.1 - - [04/Feb/2023:00:25:04 +0100] "POST /submit.php HTTP/1.1" 200 -
127.0.0.1 - - [04/Feb/2023:00:25:04 +0100] "POST /submit.php HTTP/1.1" 200 -
127.0.0.1 - - [04/Feb/2023:00:25:04 +0100] "POST /submit.php HTTP/1.1" 200 -
127.0.0.1 - - [04/Feb/2023:00:25:09 +0100] "GET / HTTP/1.1" 304 -
127.0.0.1 - - [04/Feb/2023:00:25:09 +0100] "GET /Answers.JSON HTTP/1.1" 200 65412
127.0.0.1 - - [04/Feb/2023:00:25:16 +0100] "POST /submit.php HTTP/1.1" 200 -
127.0.0.1 - - [04/Feb/2023:00:25:17 +0100] "POST /submit.php HTTP/1.1" 200 -
::1 - - [04/Feb/2023:00:25:23 +0100] "POST /submit.php HTTP/1.1" 200 -
::1 - - [04/Feb/2023:00:25:24 +0100] "POST /submit.php HTTP/1.1" 200 -
::1 - - [04/Feb/2023:00:25:25 +0100] "POST /submit.php HTTP/1.1" 200 -
::1 - - [04/Feb/2023:00:25:25 +0100] "POST /submit.php HTTP/1.1" 200 -
::1 - - [04/Feb/2023:00:27:56 +0100] "GET /Style.css HTTP/1.1" 304 -
::1 - - [04/Feb/2023:00:27:56 +0100] "GET /DropDown.js HTTP/1.1" 304 -
::1 - - [04/Feb/2023:00:27:56 +0100] "GET /Answers.JSON HTTP/1.1" 200 65412
::1 - - [04/Feb/2023:00:27:56 +0100] "GET /favicon.ico HTTP/1.1" 404 196
::1 - - [04/Feb/2023:00:28:00 +0100] "POST /submit.php HTTP/1.1" 200 -
::1 - - [04/Feb/2023:00:28:00 +0100] "POST /submit.php HTTP/1.1" 200 -
::1 - - [04/Feb/2023:00:28:00 +0100] "POST /submit.php HTTP/1.1" 200 -
::1 - - [04/Feb/2023:00:28:00 +0100] "POST /submit.php HTTP/1.1" 200 -
::1 - - [04/Feb/2023:00:28:00 +0100] "POST /submit.php HTTP/1.1" 200 -
::1 - - [04/Feb/2023:00:28:01 +0100] "GET / HTTP/1.1" 304 -
::1 - - [04/Feb/2023:00:28:08 +0100] "POST /submit.php HTTP/1.1" 200 -
::1 - - [04/Feb/2023:00:28:08 +0100] "POST /submit.php HTTP/1.1" 200 -
::1 - - [04/Feb/2023:00:28:08 +0100] "POST /submit.php HTTP/1.1" 200 -
::1 - - [04/Feb/2023:00:28:08 +0100] "POST /submit.php HTTP/1.1" 200 -
::1 - - [04/Feb/2023:00:28:08 +0100] "POST /submit.php HTTP/1.1" 200 -
::1 - - [04/Feb/2023:00:28:09 +0100] "GET / HTTP/1.1" 304 -
::1 - - [04/Feb/2023:00:28:14 +0100] "POST /submit.php HTTP/1.1" 200 -
::1 - - [04/Feb/2023:00:28:14 +0100] "POST /submit.php HTTP/1.1" 200 -
::1 - - [04/Feb/2023:00:28:14 +0100] "POST /submit.php HTTP/1.1" 200 -
::1 - - [04/Feb/2023:00:28:14 +0100] "POST /submit.php HTTP/1.1" 200 -
::1 - - [04/Feb/2023:00:28:14 +0100] "POST /submit.php HTTP/1.1" 200 -
::1 - - [04/Feb/2023:00:28:14 +0100] "POST /submit.php HTTP/1.1" 200 -
::1 - - [04/Feb/2023:00:28:15 +0100] "GET / HTTP/1.1" 304 -
::1 - - [04/Feb/2023:00:28:15 +0100] "GET /Answers.JSON HTTP/1.1" 200 65415
::1 - - [04/Feb/2023:00:28:19 +0100] "POST /submit.php HTTP/1.1" 200 -
::1 - - [04/Feb/2023:00:28:19 +0100] "POST /submit.php HTTP/1.1" 200 -
::1 - - [04/Feb/2023:00:28:19 +0100] "POST /submit.php HTTP/1.1" 200 -
::1 - - [04/Feb/2023:00:28:19 +0100] "POST /submit.php HTTP/1.1" 200 -
::1 - - [04/Feb/2023:00:28:19 +0100] "POST /submit.php HTTP/1.1" 200 -
::1 - - [04/Feb/2023:00:28:19 +0100] "POST /submit.php HTTP/1.1" 200 -
::1 - - [04/Feb/2023:00:28:20 +0100] "GET / HTTP/1.1" 304 -
::1 - - [04/Feb/2023:00:28:20 +0100] "GET /Answers.JSON HTTP/1.1" 200 65415
::1 - - [04/Feb/2023:00:28:23 +0100] "POST /submit.php HTTP/1.1" 200 -
::1 - - [04/Feb/2023:00:28:23 +0100] "POST /submit.php HTTP/1.1" 200 -
::1 - - [04/Feb/2023:00:28:23 +0100] "POST /submit.php HTTP/1.1" 200 -
::1 - - [04/Feb/2023:00:28:23 +0100] "POST /submit.php HTTP/1.1" 200 -
::1 - - [04/Feb/2023:00:28:23 +0100] "POST /submit.php HTTP/1.1" 200 -
::1 - - [04/Feb/2023:00:28:23 +0100] "POST /submit.php HTTP/1.1" 200 -
::1 - - [04/Feb/2023:00:28:24 +0100] "GET / HTTP/1.1" 304 -
::1 - - [04/Feb/2023:00:28:24 +0100] "GET /Answers.JSON HTTP/1.1" 200 65415
::1 - - [04/Feb/2023:00:28:27 +0100] "POST /submit.php HTTP/1.1" 200 -
::1 - - [04/Feb/2023:00:28:28 +0100] "GET / HTTP/1.1" 304 -
::1 - - [04/Feb/2023:00:28:28 +0100] "GET /Answers.JSON HTTP/1.1" 200 65409
::1 - - [04/Feb/2023:00:28:31 +0100] "POST /submit.php HTTP/1.1" 200 -
::1 - - [04/Feb/2023:00:28:31 +0100] "POST /submit.php HTTP/1.1" 200 -
::1 - - [04/Feb/2023:00:28:31 +0100] "POST /submit.php HTTP/1.1" 200 -
::1 - - [04/Feb/2023:00:28:31 +0100] "POST /submit.php HTTP/1.1" 200 -
::1 - - [04/Feb/2023:00:28:31 +0100] "POST /submit.php HTTP/1.1" 200 -
::1 - - [04/Feb/2023:00:28:31 +0100] "POST /submit.php HTTP/1.1" 200 -
::1 - - [04/Feb/2023:00:28:31 +0100] "POST /submit.php HTTP/1.1" 200 -
::1 - - [04/Feb/2023:00:28:31 +0100] "POST /submit.php HTTP/1.1" 200 -
::1 - - [04/Feb/2023:00:28:31 +0100] "POST /submit.php HTTP/1.1" 200 -
::1 - - [04/Feb/2023:00:28:32 +0100] "GET / HTTP/1.1" 304 -
::1 - - [04/Feb/2023:00:28:32 +0100] "GET /Answers.JSON HTTP/1.1" 200 65418
::1 - - [04/Feb/2023:00:28:35 +0100] "POST /submit.php HTTP/1.1" 200 -
::1 - - [04/Feb/2023:00:28:35 +0100] "GET / HTTP/1.1" 304 -
::1 - - [04/Feb/2023:00:28:35 +0100] "GET /Answers.JSON HTTP/1.1" 200 65409
::1 - - [04/Feb/2023:00:29:03 +0100] "GET /Answers.JSON HTTP/1.1" 304 -
::1 - - [04/Feb/2023:00:29:03 +0100] "GET /favicon.ico HTTP/1.1" 404 196
::1 - - [04/Feb/2023:00:29:07 +0100] "POST /submit.php HTTP/1.1" 200 -
::1 - - [04/Feb/2023:00:29:07 +0100] "POST /submit.php HTTP/1.1" 200 -
::1 - - [04/Feb/2023:00:29:07 +0100] "POST /submit.php HTTP/1.1" 200 -
::1 - - [04/Feb/2023:00:29:07 +0100] "POST /submit.php HTTP/1.1" 200 -
::1 - - [04/Feb/2023:00:29:07 +0100] "POST /submit.php HTTP/1.1" 200 -
::1 - - [04/Feb/2023:00:29:07 +0100] "POST /submit.php HTTP/1.1" 200 -
::1 - - [04/Feb/2023:00:29:07 +0100] "POST /submit.php HTTP/1.1" 200 -
::1 - - [04/Feb/2023:00:29:08 +0100] "GET / HTTP/1.1" 304 -
::1 - - [04/Feb/2023:00:29:08 +0100] "GET /Answers.JSON HTTP/1.1" 200 65416
::1 - - [04/Feb/2023:00:29:14 +0100] "POST /submit.php HTTP/1.1" 200 -
::1 - - [04/Feb/2023:00:29:14 +0100] "POST /submit.php HTTP/1.1" 200 -
::1 - - [04/Feb/2023:00:29:14 +0100] "POST /submit.php HTTP/1.1" 200 -
::1 - - [04/Feb/2023:00:29:15 +0100] "POST /submit.php HTTP/1.1" 200 -
::1 - - [04/Feb/2023:00:29:16 +0100] "GET / HTTP/1.1" 304 -
::1 - - [04/Feb/2023:00:29:16 +0100] "GET /Style.css HTTP/1.1" 304 -
::1 - - [04/Feb/2023:00:29:16 +0100] "GET /Answers.JSON HTTP/1.1" 200 65412
::1 - - [04/Feb/2023:00:30:04 +0100] "GET /DropDown.js HTTP/1.1" 304 -
::1 - - [04/Feb/2023:00:30:04 +0100] "GET /Answers.JSON HTTP/1.1" 304 -
::1 - - [04/Feb/2023:00:30:04 +0100] "GET /favicon.ico HTTP/1.1" 404 196
::1 - - [04/Feb/2023:00:31:42 +0100] "GET /Style.css HTTP/1.1" 304 -
::1 - - [04/Feb/2023:00:31:43 +0100] "GET /Answers.JSON HTTP/1.1" 304 -
::1 - - [04/Feb/2023:00:31:43 +0100] "GET /favicon.ico HTTP/1.1" 404 196
::1 - - [04/Feb/2023:00:32:00 +0100] "GET /favicon.ico HTTP/1.1" 404 196
::1 - - [04/Feb/2023:00:32:12 +0100] "GET /Answers.JSON HTTP/1.1" 304 -
::1 - - [04/Feb/2023:00:32:12 +0100] "GET /favicon.ico HTTP/1.1" 404 196
::1 - - [04/Feb/2023:00:32:25 +0100] "GET /favicon.ico HTTP/1.1" 404 196
::1 - - [04/Feb/2023:00:32:41 +0100] "GET /DropDown.js HTTP/1.1" 304 -
::1 - - [04/Feb/2023:00:32:41 +0100] "GET /Answers.JSON HTTP/1.1" 304 -
::1 - - [04/Feb/2023:00:32:41 +0100] "GET /favicon.ico HTTP/1.1" 404 196
::1 - - [04/Feb/2023:00:33:41 +0100] "GET /Style.css HTTP/1.1" 200 1582
::1 - - [04/Feb/2023:00:33:41 +0100] "GET /Answers.JSON HTTP/1.1" 304 -
::1 - - [04/Feb/2023:00:33:41 +0100] "GET /favicon.ico HTTP/1.1" 404 196
::1 - - [04/Feb/2023:00:34:53 +0100] "GET / HTTP/1.1" 304 -
::1 - - [04/Feb/2023:00:34:53 +0100] "GET /Style.css HTTP/1.1" 200 1677
::1 - - [04/Feb/2023:00:34:53 +0100] "GET /Answers.JSON HTTP/1.1" 304 -
::1 - - [04/Feb/2023:00:34:54 +0100] "GET / HTTP/1.1" 200 475
::1 - - [04/Feb/2023:00:34:54 +0100] "GET /Style.css HTTP/1.1" 200 1677
::1 - - [04/Feb/2023:00:34:54 +0100] "GET /DropDown.js HTTP/1.1" 200 5948
::1 - - [04/Feb/2023:00:34:54 +0100] "GET /Answers.JSON HTTP/1.1" 200 65412
::1 - - [04/Feb/2023:00:34:54 +0100] "GET /favicon.ico HTTP/1.1" 404 196
::1 - - [04/Feb/2023:00:35:04 +0100] "GET /Style.css HTTP/1.1" 304 -
::1 - - [04/Feb/2023:00:35:09 +0100] "GET / HTTP/1.1" 304 -
::1 - - [04/Feb/2023:00:35:09 +0100] "GET /Style.css HTTP/1.1" 304 -
::1 - - [04/Feb/2023:00:35:46 +0100] "GET /Style.css HTTP/1.1" 304 -
::1 - - [04/Feb/2023:00:35:46 +0100] "GET /Answers.JSON HTTP/1.1" 304 -
::1 - - [04/Feb/2023:00:36:00 +0100] "GET /favicon.ico HTTP/1.1" 404 196
::1 - - [04/Feb/2023:00:36:10 +0100] "GET /Style.css HTTP/1.1" 304 -
::1 - - [04/Feb/2023:00:36:11 +0100] "GET /favicon.ico HTTP/1.1" 404 196
::1 - - [04/Feb/2023:00:40:45 +0100] "GET /DropDown.js HTTP/1.1" 200 5948
::1 - - [04/Feb/2023:00:40:45 +0100] "GET /Style.css HTTP/1.1" 200 1677
::1 - - [04/Feb/2023:00:40:45 +0100] "GET /favicon.ico HTTP/1.1" 404 196
::1 - - [04/Feb/2023:00:40:45 +0100] "GET /Answers.JSON HTTP/1.1" 200 65412
::1 - - [04/Feb/2023:00:40:55 +0100] "POST /submit.php HTTP/1.1" 200 -
::1 - - [04/Feb/2023:00:40:55 +0100] "POST /submit.php HTTP/1.1" 200 -
::1 - - [04/Feb/2023:00:40:55 +0100] "POST /submit.php HTTP/1.1" 200 -
::1 - - [04/Feb/2023:00:40:56 +0100] "GET / HTTP/1.1" 304 -
::1 - - [04/Feb/2023:00:41:00 +0100] "POST /submit.php HTTP/1.1" 200 -
::1 - - [04/Feb/2023:00:41:00 +0100] "POST /submit.php HTTP/1.1" 200 -
::1 - - [04/Feb/2023:00:41:00 +0100] "POST /submit.php HTTP/1.1" 200 -
::1 - - [04/Feb/2023:00:41:01 +0100] "GET / HTTP/1.1" 304 -
::1 - - [04/Feb/2023:00:41:04 +0100] "POST /submit.php HTTP/1.1" 200 -
::1 - - [04/Feb/2023:00:41:04 +0100] "POST /submit.php HTTP/1.1" 200 -
::1 - - [04/Feb/2023:00:41:04 +0100] "POST /submit.php HTTP/1.1" 200 -
::1 - - [04/Feb/2023:00:41:04 +0100] "POST /submit.php HTTP/1.1" 200 -
::1 - - [04/Feb/2023:00:41:05 +0100] "GET / HTTP/1.1" 304 -
::1 - - [04/Feb/2023:00:41:09 +0100] "POST /submit.php HTTP/1.1" 200 -
::1 - - [04/Feb/2023:00:41:09 +0100] "POST /submit.php HTTP/1.1" 200 -
::1 - - [04/Feb/2023:00:41:09 +0100] "POST /submit.php HTTP/1.1" 200 -
::1 - - [04/Feb/2023:00:41:10 +0100] "GET / HTTP/1.1" 304 -
::1 - - [04/Feb/2023:00:41:14 +0100] "POST /submit.php HTTP/1.1" 200 -
::1 - - [04/Feb/2023:00:41:14 +0100] "POST /submit.php HTTP/1.1" 200 -
::1 - - [04/Feb/2023:00:41:14 +0100] "POST /submit.php HTTP/1.1" 200 -
::1 - - [04/Feb/2023:00:41:15 +0100] "GET / HTTP/1.1" 304 -
::1 - - [04/Feb/2023:00:41:18 +0100] "POST /submit.php HTTP/1.1" 200 -
::1 - - [04/Feb/2023:00:41:18 +0100] "POST /submit.php HTTP/1.1" 200 -
::1 - - [04/Feb/2023:00:41:18 +0100] "POST /submit.php HTTP/1.1" 200 -
::1 - - [04/Feb/2023:00:41:19 +0100] "GET / HTTP/1.1" 304 -
::1 - - [04/Feb/2023:00:41:23 +0100] "POST /submit.php HTTP/1.1" 200 -
::1 - - [04/Feb/2023:00:41:23 +0100] "POST /submit.php HTTP/1.1" 200 -
::1 - - [04/Feb/2023:00:41:24 +0100] "POST /submit.php HTTP/1.1" 200 -
::1 - - [04/Feb/2023:00:41:24 +0100] "POST /submit.php HTTP/1.1" 200 -
::1 - - [04/Feb/2023:00:41:24 +0100] "POST /submit.php HTTP/1.1" 200 -
::1 - - [04/Feb/2023:00:41:25 +0100] "GET / HTTP/1.1" 304 -
::1 - - [04/Feb/2023:00:41:25 +0100] "GET /Style.css HTTP/1.1" 304 -
::1 - - [04/Feb/2023:00:41:28 +0100] "POST /submit.php HTTP/1.1" 200 -
::1 - - [04/Feb/2023:00:41:28 +0100] "POST /submit.php HTTP/1.1" 200 -
::1 - - [04/Feb/2023:00:41:28 +0100] "POST /submit.php HTTP/1.1" 200 -
::1 - - [04/Feb/2023:00:41:28 +0100] "POST /submit.php HTTP/1.1" 200 -
::1 - - [04/Feb/2023:00:41:28 +0100] "POST /submit.php HTTP/1.1" 200 -
::1 - - [04/Feb/2023:00:41:30 +0100] "GET / HTTP/1.1" 304 -
::1 - - [04/Feb/2023:00:41:51 +0100] "POST /submit.php HTTP/1.1" 200 -
::1 - - [04/Feb/2023:00:41:51 +0100] "POST /submit.php HTTP/1.1" 200 -
::1 - - [04/Feb/2023:00:41:51 +0100] "POST /submit.php HTTP/1.1" 200 -
::1 - - [04/Feb/2023:00:41:51 +0100] "POST /submit.php HTTP/1.1" 200 -
::1 - - [04/Feb/2023:00:41:51 +0100] "POST /submit.php HTTP/1.1" 200 -
::1 - - [04/Feb/2023:00:41:51 +0100] "POST /submit.php HTTP/1.1" 200 -
::1 - - [04/Feb/2023:00:42:01 +0100] "GET / HTTP/1.1" 304 -
::1 - - [04/Feb/2023:00:42:01 +0100] "GET /Answers.JSON HTTP/1.1" 200 65418
::1 - - [04/Feb/2023:00:42:04 +0100] "POST /submit.php HTTP/1.1" 200 -
::1 - - [04/Feb/2023:00:42:05 +0100] "POST /submit.php HTTP/1.1" 200 -
::1 - - [04/Feb/2023:00:42:07 +0100] "POST /submit.php HTTP/1.1" 200 -
::1 - - [04/Feb/2023:00:42:28 +0100] "GET /Style.css HTTP/1.1" 304 -
::1 - - [04/Feb/2023:00:42:29 +0100] "GET /Answers.JSON HTTP/1.1" 200 65412
::1 - - [04/Feb/2023:00:42:29 +0100] "GET /favicon.ico HTTP/1.1" 404 196
::1 - - [04/Feb/2023:00:42:33 +0100] "POST /submit.php HTTP/1.1" 200 -
::1 - - [04/Feb/2023:00:42:34 +0100] "GET / HTTP/1.1" 304 -
::1 - - [04/Feb/2023:00:42:34 +0100] "GET /Answers.JSON HTTP/1.1" 200 65414
::1 - - [04/Feb/2023:00:42:37 +0100] "POST /submit.php HTTP/1.1" 200 -
::1 - - [04/Feb/2023:00:42:38 +0100] "GET / HTTP/1.1" 304 -
::1 - - [04/Feb/2023:00:42:38 +0100] "GET /Answers.JSON HTTP/1.1" 200 65412
::1 - - [04/Feb/2023:00:43:47 +0100] "GET /Style.css HTTP/1.1" 304 -
::1 - - [04/Feb/2023:00:43:47 +0100] "GET /Answers.JSON HTTP/1.1" 304 -
::1 - - [04/Feb/2023:00:43:47 +0100] "GET /favicon.ico HTTP/1.1" 404 196
::1 - - [04/Feb/2023:00:43:50 +0100] "POST /submit.php HTTP/1.1" 200 -
::1 - - [04/Feb/2023:00:43:50 +0100] "POST /submit.php HTTP/1.1" 200 -
::1 - - [04/Feb/2023:00:43:50 +0100] "POST /submit.php HTTP/1.1" 200 -
::1 - - [04/Feb/2023:00:43:50 +0100] "POST /submit.php HTTP/1.1" 200 -
::1 - - [04/Feb/2023:00:43:50 +0100] "POST /submit.php HTTP/1.1" 200 -
::1 - - [04/Feb/2023:00:43:50 +0100] "POST /submit.php HTTP/1.1" 200 -
::1 - - [04/Feb/2023:00:43:51 +0100] "GET / HTTP/1.1" 304 -
::1 - - [04/Feb/2023:00:43:54 +0100] "POST /submit.php HTTP/1.1" 200 -
::1 - - [04/Feb/2023:00:43:54 +0100] "POST /submit.php HTTP/1.1" 200 -
::1 - - [04/Feb/2023:00:43:54 +0100] "POST /submit.php HTTP/1.1" 200 -
::1 - - [04/Feb/2023:00:43:54 +0100] "POST /submit.php HTTP/1.1" 200 -
::1 - - [04/Feb/2023:00:43:54 +0100] "POST /submit.php HTTP/1.1" 200 -
::1 - - [04/Feb/2023:00:43:55 +0100] "POST /submit.php HTTP/1.1" 200 -
::1 - - [04/Feb/2023:00:43:55 +0100] "POST /submit.php HTTP/1.1" 200 -
::1 - - [04/Feb/2023:00:43:55 +0100] "POST /submit.php HTTP/1.1" 200 -
::1 - - [04/Feb/2023:00:43:55 +0100] "POST /submit.php HTTP/1.1" 200 -
::1 - - [04/Feb/2023:00:43:55 +0100] "POST /submit.php HTTP/1.1" 200 -
::1 - - [04/Feb/2023:00:43:55 +0100] "POST /submit.php HTTP/1.1" 200 -
::1 - - [04/Feb/2023:00:43:55 +0100] "POST /submit.php HTTP/1.1" 200 -
::1 - - [04/Feb/2023:00:43:58 +0100] "GET / HTTP/1.1" 304 -
::1 - - [04/Feb/2023:00:43:58 +0100] "GET /Answers.JSON HTTP/1.1" 200 65424
::1 - - [04/Feb/2023:00:44:02 +0100] "POST /submit.php HTTP/1.1" 200 -
::1 - - [04/Feb/2023:00:44:03 +0100] "GET / HTTP/1.1" 304 -
::1 - - [04/Feb/2023:00:44:03 +0100] "GET /DropDown.js HTTP/1.1" 304 -
::1 - - [04/Feb/2023:00:44:04 +0100] "GET /Answers.JSON HTTP/1.1" 200 65412
::1 - - [04/Feb/2023:00:49:20 +0100] "GET /Style.css HTTP/1.1" 304 -
::1 - - [04/Feb/2023:00:49:20 +0100] "GET /DropDown.js HTTP/1.1" 304 -
::1 - - [04/Feb/2023:00:49:20 +0100] "GET /Answers.JSON HTTP/1.1" 304 -
::1 - - [04/Feb/2023:00:49:20 +0100] "GET /favicon.ico HTTP/1.1" 404 196
::1 - - [04/Feb/2023:00:59:51 +0100] "GET /Style.css HTTP/1.1" 304 -
::1 - - [04/Feb/2023:00:59:51 +0100] "GET /DropDown.js HTTP/1.1" 304 -
::1 - - [04/Feb/2023:00:59:51 +0100] "GET /Answers.JSON HTTP/1.1" 304 -
::1 - - [04/Feb/2023:00:59:51 +0100] "GET /favicon.ico HTTP/1.1" 404 196
::1 - - [04/Feb/2023:00:59:57 +0100] "POST /submit.php HTTP/1.1" 200 -
::1 - - [04/Feb/2023:00:59:57 +0100] "POST /submit.php HTTP/1.1" 200 -
::1 - - [04/Feb/2023:00:59:57 +0100] "POST /submit.php HTTP/1.1" 200 -
::1 - - [04/Feb/2023:00:59:57 +0100] "POST /submit.php HTTP/1.1" 200 -
::1 - - [04/Feb/2023:00:59:57 +0100] "POST /submit.php HTTP/1.1" 200 -
::1 - - [04/Feb/2023:00:59:57 +0100] "POST /submit.php HTTP/1.1" 200 -
::1 - - [04/Feb/2023:00:59:58 +0100] "GET / HTTP/1.1" 304 -
::1 - - [04/Feb/2023:01:00:00 +0100] "POST /submit.php HTTP/1.1" 200 -
::1 - - [04/Feb/2023:01:00:00 +0100] "POST /submit.php HTTP/1.1" 200 -
::1 - - [04/Feb/2023:01:00:00 +0100] "POST /submit.php HTTP/1.1" 200 -
::1 - - [04/Feb/2023:01:00:00 +0100] "POST /submit.php HTTP/1.1" 200 -
::1 - - [04/Feb/2023:01:00:00 +0100] "POST /submit.php HTTP/1.1" 200 -
::1 - - [04/Feb/2023:01:00:00 +0100] "POST /submit.php HTTP/1.1" 200 -
::1 - - [04/Feb/2023:01:00:00 +0100] "POST /submit.php HTTP/1.1" 200 -
::1 - - [04/Feb/2023:01:00:01 +0100] "GET / HTTP/1.1" 304 -
::1 - - [04/Feb/2023:01:00:03 +0100] "POST /submit.php HTTP/1.1" 200 -
::1 - - [04/Feb/2023:01:00:03 +0100] "POST /submit.php HTTP/1.1" 200 -
::1 - - [04/Feb/2023:01:00:03 +0100] "POST /submit.php HTTP/1.1" 200 -
::1 - - [04/Feb/2023:01:00:03 +0100] "POST /submit.php HTTP/1.1" 200 -
::1 - - [04/Feb/2023:01:00:03 +0100] "POST /submit.php HTTP/1.1" 200 -
::1 - - [04/Feb/2023:01:00:03 +0100] "POST /submit.php HTTP/1.1" 200 -
::1 - - [04/Feb/2023:01:00:04 +0100] "POST /submit.php HTTP/1.1" 200 -
::1 - - [04/Feb/2023:01:00:04 +0100] "POST /submit.php HTTP/1.1" 200 -
::1 - - [04/Feb/2023:01:00:04 +0100] "POST /submit.php HTTP/1.1" 200 -
::1 - - [04/Feb/2023:01:00:04 +0100] "GET / HTTP/1.1" 304 -
::1 - - [04/Feb/2023:01:00:28 +0100] "GET /favicon.ico HTTP/1.1" 404 196
::1 - - [04/Feb/2023:01:00:33 +0100] "POST /submit.php HTTP/1.1" 200 -
::1 - - [04/Feb/2023:01:00:33 +0100] "POST /submit.php HTTP/1.1" 200 -
::1 - - [04/Feb/2023:01:00:33 +0100] "POST /submit.php HTTP/1.1" 200 -
::1 - - [04/Feb/2023:01:00:33 +0100] "POST /submit.php HTTP/1.1" 200 -
::1 - - [04/Feb/2023:01:00:33 +0100] "POST /submit.php HTTP/1.1" 200 -
::1 - - [04/Feb/2023:01:00:33 +0100] "POST /submit.php HTTP/1.1" 200 -
::1 - - [04/Feb/2023:01:00:33 +0100] "POST /submit.php HTTP/1.1" 200 -
::1 - - [04/Feb/2023:01:00:33 +0100] "POST /submit.php HTTP/1.1" 200 -
::1 - - [04/Feb/2023:01:00:33 +0100] "POST /submit.php HTTP/1.1" 200 -
::1 - - [04/Feb/2023:01:00:34 +0100] "GET / HTTP/1.1" 304 -
::1 - - [04/Feb/2023:01:00:50 +0100] "POST /submit.php HTTP/1.1" 200 -
::1 - - [04/Feb/2023:01:00:50 +0100] "POST /submit.php HTTP/1.1" 200 -
::1 - - [04/Feb/2023:01:00:50 +0100] "POST /submit.php HTTP/1.1" 200 -
::1 - - [04/Feb/2023:01:00:50 +0100] "POST /submit.php HTTP/1.1" 200 -
::1 - - [04/Feb/2023:01:00:50 +0100] "POST /submit.php HTTP/1.1" 200 -
::1 - - [04/Feb/2023:01:00:50 +0100] "POST /submit.php HTTP/1.1" 200 -
::1 - - [04/Feb/2023:01:00:51 +0100] "GET / HTTP/1.1" 304 -
::1 - - [04/Feb/2023:01:00:53 +0100] "POST /submit.php HTTP/1.1" 200 -
::1 - - [04/Feb/2023:01:00:53 +0100] "POST /submit.php HTTP/1.1" 200 -
::1 - - [04/Feb/2023:01:00:53 +0100] "POST /submit.php HTTP/1.1" 200 -
::1 - - [04/Feb/2023:01:00:53 +0100] "POST /submit.php HTTP/1.1" 200 -
::1 - - [04/Feb/2023:01:00:53 +0100] "POST /submit.php HTTP/1.1" 200 -
::1 - - [04/Feb/2023:01:00:53 +0100] "POST /submit.php HTTP/1.1" 200 -
::1 - - [04/Feb/2023:01:00:53 +0100] "POST /submit.php HTTP/1.1" 200 -
::1 - - [04/Feb/2023:01:00:53 +0100] "POST /submit.php HTTP/1.1" 200 -
::1 - - [04/Feb/2023:01:00:55 +0100] "GET / HTTP/1.1" 304 -
::1 - - [04/Feb/2023:01:01:29 +0100] "GET /Answers.JSON HTTP/1.1" 200 65420
::1 - - [04/Feb/2023:01:01:34 +0100] "POST /submit.php HTTP/1.1" 200 -
::1 - - [04/Feb/2023:01:01:35 +0100] "GET / HTTP/1.1" 304 -
::1 - - [04/Feb/2023:01:01:35 +0100] "GET /Answers.JSON HTTP/1.1" 200 65412
::1 - - [04/Feb/2023:01:01:38 +0100] "POST /submit.php HTTP/1.1" 200 -
::1 - - [04/Feb/2023:01:01:38 +0100] "POST /submit.php HTTP/1.1" 200 -
::1 - - [04/Feb/2023:01:01:38 +0100] "POST /submit.php HTTP/1.1" 200 -
::1 - - [04/Feb/2023:01:01:39 +0100] "POST /submit.php HTTP/1.1" 200 -
::1 - - [04/Feb/2023:01:01:39 +0100] "POST /submit.php HTTP/1.1" 200 -
::1 - - [04/Feb/2023:01:01:39 +0100] "POST /submit.php HTTP/1.1" 200 -
::1 - - [04/Feb/2023:01:01:41 +0100] "GET / HTTP/1.1" 304 -
::1 - - [04/Feb/2023:01:01:41 +0100] "GET /Answers.JSON HTTP/1.1" 200 65418
::1 - - [04/Feb/2023:01:01:44 +0100] "POST /submit.php HTTP/1.1" 200 -
::1 - - [04/Feb/2023:01:02:10 +0100] "GET /Answers.JSON HTTP/1.1" 200 65412
::1 - - [04/Feb/2023:01:02:10 +0100] "GET /favicon.ico HTTP/1.1" 404 196
::1 - - [04/Feb/2023:01:02:13 +0100] "POST /submit.php HTTP/1.1" 200 -
::1 - - [04/Feb/2023:01:02:13 +0100] "POST /submit.php HTTP/1.1" 200 -
::1 - - [04/Feb/2023:01:02:13 +0100] "POST /submit.php HTTP/1.1" 200 -
::1 - - [04/Feb/2023:01:02:13 +0100] "POST /submit.php HTTP/1.1" 200 -
::1 - - [04/Feb/2023:01:02:14 +0100] "GET / HTTP/1.1" 304 -
::1 - - [04/Feb/2023:01:02:14 +0100] "GET /Answers.JSON HTTP/1.1" 200 65416
::1 - - [04/Feb/2023:01:02:17 +0100] "POST /submit.php HTTP/1.1" 200 -
::1 - - [04/Feb/2023:01:02:19 +0100] "GET / HTTP/1.1" 304 -
::1 - - [04/Feb/2023:01:02:19 +0100] "GET /Answers.JSON HTTP/1.1" 200 65412
::1 - - [04/Feb/2023:11:37:10 +0100] "GET / HTTP/1.1" 304 -
::1 - - [04/Feb/2023:11:37:11 +0100] "GET /Style.css HTTP/1.1" 304 -
::1 - - [04/Feb/2023:11:37:11 +0100] "GET /DropDown.js HTTP/1.1" 304 -
::1 - - [04/Feb/2023:11:37:11 +0100] "GET /favicon.ico HTTP/1.1" 404 196
::1 - - [04/Feb/2023:11:37:12 +0100] "GET /Answers.JSON HTTP/1.1" 304 -
::1 - - [04/Feb/2023:11:40:49 +0100] "GET / HTTP/1.1" 304 -
::1 - - [04/Feb/2023:11:40:54 +0100] "GET / HTTP/1.1" 304 -
::1 - - [04/Feb/2023:11:41:17 +0100] "GET / HTTP/1.1" 304 -
127.0.0.1 - - [04/Feb/2023:11:41:32 +0100] "GET / HTTP/1.1" 304 -
::1 - - [04/Feb/2023:11:41:43 +0100] "GET / HTTP/1.1" 304 -
::1 - - [04/Feb/2023:11:42:43 +0100] "-" 408 -
::1 - - [04/Feb/2023:11:42:58 +0100] "GET / HTTP/1.1" 304 -
::1 - - [04/Feb/2023:11:42:59 +0100] "GET / HTTP/1.1" 304 -
::1 - - [04/Feb/2023:11:43:58 +0100] "-" 408 -
::1 - - [04/Feb/2023:11:45:17 +0100] "POST /submit.php HTTP/1.1" 200 -
::1 - - [04/Feb/2023:11:45:17 +0100] "POST /submit.php HTTP/1.1" 200 -
::1 - - [04/Feb/2023:11:45:17 +0100] "POST /submit.php HTTP/1.1" 200 -
::1 - - [04/Feb/2023:11:45:18 +0100] "POST /submit.php HTTP/1.1" 200 -
::1 - - [04/Feb/2023:11:45:19 +0100] "GET / HTTP/1.1" 304 -
::1 - - [04/Feb/2023:11:45:22 +0100] "POST /submit.php HTTP/1.1" 200 -
::1 - - [04/Feb/2023:11:45:22 +0100] "POST /submit.php HTTP/1.1" 200 -
::1 - - [04/Feb/2023:11:45:23 +0100] "POST /submit.php HTTP/1.1" 200 -
::1 - - [04/Feb/2023:11:45:23 +0100] "POST /submit.php HTTP/1.1" 200 -
::1 - - [04/Feb/2023:11:45:24 +0100] "GET / HTTP/1.1" 304 -
::1 - - [04/Feb/2023:11:46:24 +0100] "-" 408 -
::1 - - [04/Feb/2023:11:47:16 +0100] "GET / HTTP/1.1" 304 -
::1 - - [04/Feb/2023:11:47:20 +0100] "POST /submit.php HTTP/1.1" 200 -
::1 - - [04/Feb/2023:11:47:20 +0100] "POST /submit.php HTTP/1.1" 200 -
::1 - - [04/Feb/2023:11:47:22 +0100] "GET / HTTP/1.1" 304 -
::1 - - [04/Feb/2023:11:47:46 +0100] "GET / HTTP/1.1" 304 -
::1 - - [04/Feb/2023:11:47:50 +0100] "POST /submit.php HTTP/1.1" 200 -
::1 - - [04/Feb/2023:11:47:50 +0100] "POST /submit.php HTTP/1.1" 200 -
::1 - - [04/Feb/2023:11:47:57 +0100] "GET / HTTP/1.1" 304 -
::1 - - [04/Feb/2023:11:48:58 +0100] "-" 408 -
::1 - - [04/Feb/2023:12:12:41 +0100] "GET / HTTP/1.1" 304 -
127.0.0.1 - - [04/Feb/2023:12:13:16 +0100] "GET / HTTP/1.1" 304 -
127.0.0.1 - - [04/Feb/2023:12:13:16 +0100] "GET /Style.css HTTP/1.1" 200 1677
127.0.0.1 - - [04/Feb/2023:12:13:16 +0100] "GET /DropDown.js HTTP/1.1" 200 5948
127.0.0.1 - - [04/Feb/2023:12:13:17 +0100] "GET /Answers.JSON HTTP/1.1" 200 65416
127.0.0.1 - - [04/Feb/2023:12:13:17 +0100] "GET /favicon.ico HTTP/1.1" 404 196
::1 - - [04/Feb/2023:12:13:41 +0100] "-" 408 -
::1 - - [04/Feb/2023:12:25:22 +0100] "GET / HTTP/1.1" 304 -
::1 - - [04/Feb/2023:12:26:22 +0100] "-" 408 -
192.168.1.15 - - [04/Feb/2023:12:26:40 +0100] "GET / HTTP/1.1" 200 475
192.168.1.15 - - [04/Feb/2023:12:26:40 +0100] "GET /Style.css HTTP/1.1" 200 1677
192.168.1.15 - - [04/Feb/2023:12:26:40 +0100] "GET /DropDown.js HTTP/1.1" 200 5948
192.168.1.15 - - [04/Feb/2023:12:26:41 +0100] "GET /Answers.JSON HTTP/1.1" 200 65416
192.168.1.15 - - [04/Feb/2023:12:26:41 +0100] "GET /favicon.ico HTTP/1.1" 404 196
