AH00558: httpd.exe: Could not reliably determine the server's fully qualified domain name, using fe80::dbd9:604a:c1f3:4d6d. Set the 'ServerName' directive globally to suppress this message
[Fri Feb 03 18:34:38.896561 2023] [mpm_winnt:notice] [pid 11844:tid 436] AH00455: Apache/2.4.55 (Win64) configured -- resuming normal operations
[Fri Feb 03 18:34:38.897559 2023] [mpm_winnt:notice] [pid 11844:tid 436] AH00456: Apache Lounge VS17 Server built: Feb  1 2023 09:38:30
[Fri Feb 03 18:34:38.897559 2023] [core:notice] [pid 11844:tid 436] AH00094: Command line: 'D:\\no_ja\\Apache\\httpd-2.4.55-win64-VS17\\Apache24\\bin\\httpd.exe -d D:/no_ja/Apache/httpd-2.4.55-win64-VS17/Apache24'
[Fri Feb 03 18:34:38.904566 2023] [mpm_winnt:notice] [pid 11844:tid 436] AH00418: Parent: Created child process 16264
AH00558: httpd.exe: Could not reliably determine the server's fully qualified domain name, using fe80::dbd9:604a:c1f3:4d6d. Set the 'ServerName' directive globally to suppress this message
Apache server shutdown initiated...
ly determine the server's fully qualified domain name, using fe80::dbd9:604a:c1f3:4d6d. Set the 'ServerName' directive globally to suppress this message
[Fri Feb 03 18:34:39.595050 2023] [mpm_winnt:notice] [pid 16264:tid 424] AH00354: Child: Starting 64 worker threads.
[Fri Feb 03 18:34:42.870154 2023] [mpm_winnt:notice] [pid 11844:tid 436] AH00422: Parent: Received shutdown signal -- Shutting down the server.
[Fri Feb 03 18:34:44.887647 2023] [mpm_winnt:notice] [pid 16264:tid 424] AH00364: Child: All worker threads have exited.
[Fri Feb 03 18:34:44.917215 2023] [mpm_winnt:notice] [pid 11844:tid 436] AH00430: Parent: Child process 16264 exited successfully.
AH00558: httpd.exe: Could not reliably determine the server's fully qualified domain name, using fe80::dbd9:604a:c1f3:4d6d. Set the 'ServerName' directive globally to suppress this message
[Fri Feb 03 18:34:51.515716 2023] [mpm_winnt:notice] [pid 2944:tid 392] AH00455: Apache/2.4.55 (Win64) configured -- resuming normal operations
[Fri Feb 03 18:34:51.517718 2023] [mpm_winnt:notice] [pid 2944:tid 392] AH00456: Apache Lounge VS17 Server built: Feb  1 2023 09:38:30
[Fri Feb 03 18:34:51.517718 2023] [core:notice] [pid 2944:tid 392] AH00094: Command line: 'D:\\no_ja\\Apache\\httpd-2.4.55-win64-VS17\\Apache24\\bin\\httpd.exe -d D:/no_ja/Apache/httpd-2.4.55-win64-VS17/Apache24'
[Fri Feb 03 18:34:51.524714 2023] [mpm_winnt:notice] [pid 2944:tid 392] AH00418: Parent: Created child process 6800
AH00558: httpd.exe: Could not reliably determine the server's fully qualified domain name, using fe80::dbd9:604a:c1f3:4d6d. Set the 'ServerName' directive globally to suppress this message
AH00558: httpd.exe: Could not reliably determine the server's fully qualified domain name, using fe80::dbd9:604a:c1f3:4d6d. Set the 'ServerName' directive globally to suppress this message
[Fri Feb 03 18:34:52.064546 2023] [mpm_winnt:notice] [pid 6800:tid 404] AH00354: Child: Starting 64 worker threads.
[Fri Feb 03 18:45:42.072002 2023] [mpm_winnt:notice] [pid 2944:tid 392] AH00424: Parent: Received restart signal -- Restarting the server.
[Fri Feb 03 18:45:42.128930 2023] [mpm_winnt:notice] [pid 2944:tid 392] AH00455: Apache/2.4.55 (Win64) configured -- resuming normal operations
[Fri Feb 03 18:45:42.128930 2023] [mpm_winnt:notice] [pid 2944:tid 392] AH00456: Apache Lounge VS17 Server built: Feb  1 2023 09:38:30
[Fri Feb 03 18:45:42.128930 2023] [core:notice] [pid 2944:tid 392] AH00094: Command line: 'D:\\no_ja\\Apache\\httpd-2.4.55-win64-VS17\\Apache24\\bin\\httpd.exe -d D:/no_ja/Apache/httpd-2.4.55-win64-VS17/Apache24'
[Fri Feb 03 18:45:42.135926 2023] [mpm_winnt:notice] [pid 2944:tid 392] AH00418: Parent: Created child process 2848
[Fri Feb 03 18:45:43.088188 2023] [mpm_winnt:notice] [pid 2848:tid 404] AH00354: Child: Starting 64 worker threads.
[Fri Feb 03 18:45:44.101047 2023] [mpm_winnt:notice] [pid 6800:tid 404] AH00364: Child: All worker threads have exited.
[Fri Feb 03 18:46:36.479256 2023] [mpm_winnt:notice] [pid 2944:tid 392] AH00422: Parent: Received shutdown signal -- Shutting down the server.
[Fri Feb 03 18:46:50.988209 2023] [mpm_winnt:notice] [pid 2848:tid 404] AH00364: Child: All worker threads have exited.
[Fri Feb 03 18:46:51.019215 2023] [mpm_winnt:notice] [pid 2944:tid 392] AH00430: Parent: Child process 2848 exited successfully.
[Fri Feb 03 18:47:01.879993 2023] [mpm_winnt:notice] [pid 8724:tid 412] AH00455: Apache/2.4.55 (Win64) configured -- resuming normal operations
[Fri Feb 03 18:47:01.880988 2023] [mpm_winnt:notice] [pid 8724:tid 412] AH00456: Apache Lounge VS17 Server built: Feb  1 2023 09:38:30
[Fri Feb 03 18:47:01.880988 2023] [core:notice] [pid 8724:tid 412] AH00094: Command line: 'D:\\no_ja\\Apache\\httpd-2.4.55-win64-VS17\\Apache24\\bin\\httpd.exe -d D:/no_ja/Apache/httpd-2.4.55-win64-VS17/Apache24'
[Fri Feb 03 18:47:01.885986 2023] [mpm_winnt:notice] [pid 8724:tid 412] AH00418: Parent: Created child process 13156
Apache server shutdown initiated...
pm_winnt:notice] [pid 13156:tid 416] AH00354: Child: Starting 64 worker threads.
[Fri Feb 03 18:47:10.559973 2023] [mpm_winnt:notice] [pid 8724:tid 412] AH00422: Parent: Received shutdown signal -- Shutting down the server.
[Fri Feb 03 18:47:12.568043 2023] [mpm_winnt:notice] [pid 13156:tid 416] AH00364: Child: All worker threads have exited.
[Fri Feb 03 18:47:12.596945 2023] [mpm_winnt:notice] [pid 8724:tid 412] AH00430: Parent: Child process 13156 exited successfully.
AH00558: httpd.exe: Could not reliably determine the server's fully qualified domain name, using fe80::dbd9:604a:c1f3:4d6d. Set the 'ServerName' directive globally to suppress this message
[Fri Feb 03 18:56:26.833089 2023] [mpm_winnt:notice] [pid 3352:tid 400] AH00455: Apache/2.4.55 (Win64) configured -- resuming normal operations
[Fri Feb 03 18:56:26.834088 2023] [mpm_winnt:notice] [pid 3352:tid 400] AH00456: Apache Lounge VS17 Server built: Feb  1 2023 09:38:30
[Fri Feb 03 18:56:26.834088 2023] [core:notice] [pid 3352:tid 400] AH00094: Command line: 'D:\\no_ja\\Apache\\httpd-2.4.55-win64-VS17\\Apache24\\bin\\httpd.exe -d D:/no_ja/Apache/httpd-2.4.55-win64-VS17/Apache24'
[Fri Feb 03 18:56:26.840135 2023] [mpm_winnt:notice] [pid 3352:tid 400] AH00418: Parent: Created child process 23672
AH00558: httpd.exe: Could not reliably determine the server's fully qualified domain name, using fe80::dbd9:604a:c1f3:4d6d. Set the 'ServerName' directive globally to suppress this message
AH00558: httpd.exe: Could not reliably determine the server's fully qualified domain name, using fe80::dbd9:604a:c1f3:4d6d. Set the 'ServerName' directive globally to suppress this message
[Fri Feb 03 18:56:27.449468 2023] [mpm_winnt:notice] [pid 23672:tid 416] AH00354: Child: Starting 64 worker threads.
[Fri Feb 03 18:59:13.007226 2023] [mpm_winnt:notice] [pid 3352:tid 400] AH00424: Parent: Received restart signal -- Restarting the server.
AH00526: Syntax error on line 250 of D:/no_ja/Apache/httpd-2.4.55-win64-VS17/Apache24/conf/httpd.conf:
DocumentRoot 'D:/no_ja/Apache/httpd-2.4.55-win64-VS17/Apache24/htdocs/PytaniaMautra' is not a directory, or is not readable
[Fri Feb 03 18:59:15.047939 2023] [mpm_winnt:notice] [pid 23672:tid 416] AH00364: Child: All worker threads have exited.
AH00558: httpd.exe: Could not reliably determine the server's fully qualified domain name, using fe80::dbd9:604a:c1f3:4d6d. Set the 'ServerName' directive globally to suppress this message
[Fri Feb 03 19:00:42.163521 2023] [core:warn] [pid 16172:tid 396] AH00098: pid file D:/no_ja/Apache/httpd-2.4.55-win64-VS17/Apache24/logs/httpd.pid overwritten -- Unclean shutdown of previous Apache run?
[Fri Feb 03 19:00:42.166523 2023] [mpm_winnt:notice] [pid 16172:tid 396] AH00455: Apache/2.4.55 (Win64) configured -- resuming normal operations
[Fri Feb 03 19:00:42.166523 2023] [mpm_winnt:notice] [pid 16172:tid 396] AH00456: Apache Lounge VS17 Server built: Feb  1 2023 09:38:30
[Fri Feb 03 19:00:42.166523 2023] [core:notice] [pid 16172:tid 396] AH00094: Command line: 'D:\\no_ja\\Apache\\httpd-2.4.55-win64-VS17\\Apache24\\bin\\httpd.exe -d D:/no_ja/Apache/httpd-2.4.55-win64-VS17/Apache24'
[Fri Feb 03 19:00:42.171531 2023] [mpm_winnt:notice] [pid 16172:tid 396] AH00418: Parent: Created child process 14900
AH00558: httpd.exe: Could not reliably determine the server's fully qualified domain name, using fe80::dbd9:604a:c1f3:4d6d. Set the 'ServerName' directive globally to suppress this message
AH00558: httpd.exe: Could not reliably determine the server's fully qualified domain name, using fe80::dbd9:604a:c1f3:4d6d. Set the 'ServerName' directive globally to suppress this message
[Fri Feb 03 19:00:42.660546 2023] [mpm_winnt:notice] [pid 14900:tid 436] AH00354: Child: Starting 64 worker threads.
[Fri Feb 03 20:08:38.472460 2023] [mpm_winnt:notice] [pid 16172:tid 396] AH00422: Parent: Received shutdown signal -- Shutting down the server.
[Fri Feb 03 20:08:40.486105 2023] [mpm_winnt:notice] [pid 14900:tid 436] AH00364: Child: All worker threads have exited.
[Fri Feb 03 20:08:40.514208 2023] [mpm_winnt:notice] [pid 16172:tid 396] AH00430: Parent: Child process 14900 exited successfully.
[Fri Feb 03 21:09:35.418893 2023] [mpm_winnt:notice] [pid 13616:tid 408] AH00455: Apache/2.4.55 (Win64) configured -- resuming normal operations
[Fri Feb 03 21:09:35.419892 2023] [mpm_winnt:notice] [pid 13616:tid 408] AH00456: Apache Lounge VS17 Server built: Feb  1 2023 09:38:30
[Fri Feb 03 21:09:35.419892 2023] [core:notice] [pid 13616:tid 408] AH00094: Command line: 'httpd -d D:/no_ja/LocalServer/Apache24'
[Fri Feb 03 21:09:35.422890 2023] [mpm_winnt:notice] [pid 13616:tid 408] AH00418: Parent: Created child process 15688
Apache server shutdown initiated...
pm_winnt:notice] [pid 15688:tid 428] AH00354: Child: Starting 64 worker threads.
[Fri Feb 03 21:09:40.758145 2023] [mpm_winnt:notice] [pid 13616:tid 408] AH00422: Parent: Received shutdown signal -- Shutting down the server.
[Fri Feb 03 21:09:42.773612 2023] [mpm_winnt:notice] [pid 15688:tid 428] AH00364: Child: All worker threads have exited.
[Fri Feb 03 21:09:42.798466 2023] [mpm_winnt:notice] [pid 13616:tid 408] AH00430: Parent: Child process 15688 exited successfully.
[Fri Feb 03 21:10:02.663881 2023] [mpm_winnt:notice] [pid 3668:tid 408] AH00455: Apache/2.4.55 (Win64) configured -- resuming normal operations
[Fri Feb 03 21:10:02.664881 2023] [mpm_winnt:notice] [pid 3668:tid 408] AH00456: Apache Lounge VS17 Server built: Feb  1 2023 09:38:30
[Fri Feb 03 21:10:02.664881 2023] [core:notice] [pid 3668:tid 408] AH00094: Command line: 'httpd -d D:/no_ja/LocalServer/Apache24'
[Fri Feb 03 21:10:02.668881 2023] [mpm_winnt:notice] [pid 3668:tid 408] AH00418: Parent: Created child process 18924
Apache server shutdown initiated...
pm_winnt:notice] [pid 18924:tid 412] AH00354: Child: Starting 64 worker threads.
[Fri Feb 03 21:10:22.672946 2023] [mpm_winnt:notice] [pid 3668:tid 408] AH00422: Parent: Received shutdown signal -- Shutting down the server.
[Fri Feb 03 21:10:24.682824 2023] [mpm_winnt:notice] [pid 18924:tid 412] AH00364: Child: All worker threads have exited.
[Fri Feb 03 21:10:24.708122 2023] [mpm_winnt:notice] [pid 3668:tid 408] AH00430: Parent: Child process 18924 exited successfully.
[Fri Feb 03 21:10:35.832526 2023] [mpm_winnt:notice] [pid 12316:tid 408] AH00455: Apache/2.4.55 (Win64) configured -- resuming normal operations
[Fri Feb 03 21:10:35.833526 2023] [mpm_winnt:notice] [pid 12316:tid 408] AH00456: Apache Lounge VS17 Server built: Feb  1 2023 09:38:30
[Fri Feb 03 21:10:35.833526 2023] [core:notice] [pid 12316:tid 408] AH00094: Command line: 'httpd -d D:/no_ja/LocalServer/Apache24'
[Fri Feb 03 21:10:35.837524 2023] [mpm_winnt:notice] [pid 12316:tid 408] AH00418: Parent: Created child process 2252
Apache server shutdown initiated...
pm_winnt:notice] [pid 2252:tid 456] AH00354: Child: Starting 64 worker threads.
[Fri Feb 03 21:10:38.525880 2023] [mpm_winnt:notice] [pid 12316:tid 408] AH00422: Parent: Received shutdown signal -- Shutting down the server.
[Fri Feb 03 21:10:40.546178 2023] [mpm_winnt:notice] [pid 2252:tid 456] AH00364: Child: All worker threads have exited.
[Fri Feb 03 21:10:40.576142 2023] [mpm_winnt:notice] [pid 12316:tid 408] AH00430: Parent: Child process 2252 exited successfully.
[Fri Feb 03 21:14:34.624474 2023] [mpm_winnt:notice] [pid 10152:tid 408] AH00455: Apache/2.4.55 (Win64) configured -- resuming normal operations
[Fri Feb 03 21:14:34.625472 2023] [mpm_winnt:notice] [pid 10152:tid 408] AH00456: Apache Lounge VS17 Server built: Feb  1 2023 09:38:30
[Fri Feb 03 21:14:34.625472 2023] [core:notice] [pid 10152:tid 408] AH00094: Command line: 'httpd -d D:/no_ja/LocalServer/Apache24'
[Fri Feb 03 21:14:34.630473 2023] [mpm_winnt:notice] [pid 10152:tid 408] AH00418: Parent: Created child process 3644
Apache server shutdown initiated...
pm_winnt:notice] [pid 3644:tid 436] AH00354: Child: Starting 64 worker threads.
[Fri Feb 03 21:14:45.386107 2023] [mpm_winnt:notice] [pid 10152:tid 408] AH00422: Parent: Received shutdown signal -- Shutting down the server.
[Fri Feb 03 21:15:20.195972 2023] [mpm_winnt:notice] [pid 3644:tid 436] AH00362: Child: Waiting 30 more seconds for 1 worker threads to finish.
[Fri Feb 03 21:15:41.186732 2023] [mpm_winnt:notice] [pid 3644:tid 436] AH00364: Child: All worker threads have exited.
(OS 5)Odmowa dostêpu.  : AH10014: Failed to open the 'Apache2.4' service
(OS 5)Odmowa dostêpu.  : AH10014: Failed to open the 'Apache2.4' service
[Fri Feb 03 21:18:10.012090 2023] [core:warn] [pid 23460:tid 456] AH00098: pid file D:/no_ja/LocalServer/Apache24/logs/httpd.pid overwritten -- Unclean shutdown of previous Apache run?
[Fri Feb 03 21:18:10.016092 2023] [mpm_winnt:notice] [pid 23460:tid 456] AH00455: Apache/2.4.55 (Win64) configured -- resuming normal operations
[Fri Feb 03 21:18:10.016092 2023] [mpm_winnt:notice] [pid 23460:tid 456] AH00456: Apache Lounge VS17 Server built: Feb  1 2023 09:38:30
[Fri Feb 03 21:18:10.016092 2023] [core:notice] [pid 23460:tid 456] AH00094: Command line: 'httpd -d D:/no_ja/LocalServer/Apache24'
[Fri Feb 03 21:18:10.022089 2023] [mpm_winnt:notice] [pid 23460:tid 456] AH00418: Parent: Created child process 9264
Apache server shutdown initiated...
pm_winnt:notice] [pid 9264:tid 416] AH00354: Child: Starting 64 worker threads.
[Fri Feb 03 21:18:12.030505 2023] [mpm_winnt:notice] [pid 23460:tid 456] AH00422: Parent: Received shutdown signal -- Shutting down the server.
[Fri Feb 03 21:18:14.043549 2023] [mpm_winnt:notice] [pid 9264:tid 416] AH00364: Child: All worker threads have exited.
[Fri Feb 03 21:18:14.068869 2023] [mpm_winnt:notice] [pid 23460:tid 456] AH00430: Parent: Child process 9264 exited successfully.
[Fri Feb 03 21:18:21.241988 2023] [mpm_winnt:notice] [pid 16876:tid 412] AH00455: Apache/2.4.55 (Win64) configured -- resuming normal operations
[Fri Feb 03 21:18:21.242987 2023] [mpm_winnt:notice] [pid 16876:tid 412] AH00456: Apache Lounge VS17 Server built: Feb  1 2023 09:38:30
[Fri Feb 03 21:18:21.242987 2023] [core:notice] [pid 16876:tid 412] AH00094: Command line: 'httpd -d D:/no_ja/LocalServer/Apache24'
[Fri Feb 03 21:18:21.246985 2023] [mpm_winnt:notice] [pid 16876:tid 412] AH00418: Parent: Created child process 13144
Apache server shutdown initiated...
pm_winnt:notice] [pid 13144:tid 420] AH00354: Child: Starting 64 worker threads.
[Fri Feb 03 21:18:26.445333 2023] [mpm_winnt:notice] [pid 16876:tid 412] AH00422: Parent: Received shutdown signal -- Shutting down the server.
[Fri Feb 03 21:18:31.066893 2023] [mpm_winnt:notice] [pid 13144:tid 420] AH00364: Child: All worker threads have exited.
[Fri Feb 03 21:18:31.116871 2023] [mpm_winnt:notice] [pid 16876:tid 412] AH00430: Parent: Child process 13144 exited successfully.
Starting the 'Apache2.4' service
(OS 5)Odmowa dostêpu.  : AH10012: Failed to open the 'Apache2.4' service
Starting the 'Apache2.4' service
(OS 5)Odmowa dostêpu.  : AH10012: Failed to open the 'Apache2.4' service
Starting the 'Apache2.4' service
(OS 5)Odmowa dostêpu.  : AH10012: Failed to open the 'Apache2.4' service
Starting the 'Apache2.4' service
The 'Apache2.4' service is running.
pm_winnt:notice] [pid 22444:tid 404] AH00455: Apache/2.4.55 (Win64) configured -- resuming normal operations
[Fri Feb 03 21:23:11.524527 2023] [mpm_winnt:notice] [pid 22444:tid 404] AH00456: Apache Lounge VS17 Server built: Feb  1 2023 09:38:30
[Fri Feb 03 21:23:11.524527 2023] [core:notice] [pid 22444:tid 404] AH00094: Command line: 'D:\\no_ja\\LocalServer\\Apache24\\bin\\httpd.exe -d D:/no_ja/LocalServer/Apache24'
[Fri Feb 03 21:23:11.528534 2023] [mpm_winnt:notice] [pid 22444:tid 404] AH00418: Parent: Created child process 18240
[Fri Feb 03 21:23:12.039212 2023] [mpm_winnt:notice] [pid 18240:tid 404] AH00354: Child: Starting 64 worker threads.
[Fri Feb 03 21:23:46.876175 2023] [mpm_winnt:notice] [pid 22444:tid 404] AH00422: Parent: Received shutdown signal -- Shutting down the server.
[Fri Feb 03 21:24:16.891172 2023] [mpm_winnt:notice] [pid 22444:tid 404] AH00431: Parent: Forcing termination of child process 18240
Starting the 'Apache2.4' service
The 'Apache2.4' service is running.
pm_winnt:notice] [pid 12236:tid 404] AH00455: Apache/2.4.55 (Win64) configured -- resuming normal operations
[Fri Feb 03 21:24:31.165088 2023] [mpm_winnt:notice] [pid 12236:tid 404] AH00456: Apache Lounge VS17 Server built: Feb  1 2023 09:38:30
[Fri Feb 03 21:24:31.165088 2023] [core:notice] [pid 12236:tid 404] AH00094: Command line: 'D:\\no_ja\\LocalServer\\Apache24\\bin\\httpd.exe -d D:/no_ja/LocalServer/Apache24'
[Fri Feb 03 21:24:31.170085 2023] [mpm_winnt:notice] [pid 12236:tid 404] AH00418: Parent: Created child process 19828
[Fri Feb 03 21:24:31.612429 2023] [mpm_winnt:notice] [pid 19828:tid 420] AH00354: Child: Starting 64 worker threads.
[Fri Feb 03 21:24:59.776427 2023] [mpm_winnt:notice] [pid 12236:tid 404] AH00422: Parent: Received shutdown signal -- Shutting down the server.
[Fri Feb 03 21:25:08.138627 2023] [mpm_winnt:notice] [pid 19828:tid 420] AH00364: Child: All worker threads have exited.
[Fri Feb 03 21:25:08.173606 2023] [mpm_winnt:notice] [pid 12236:tid 404] AH00430: Parent: Child process 19828 exited successfully.
Starting the 'Apache2.4' service
The 'Apache2.4' service is running.
pm_winnt:notice] [pid 16440:tid 404] AH00455: Apache/2.4.55 (Win64) configured -- resuming normal operations
[Fri Feb 03 21:25:17.334330 2023] [mpm_winnt:notice] [pid 16440:tid 404] AH00456: Apache Lounge VS17 Server built: Feb  1 2023 09:38:30
[Fri Feb 03 21:25:17.334330 2023] [core:notice] [pid 16440:tid 404] AH00094: Command line: 'D:\\no_ja\\LocalServer\\Apache24\\bin\\httpd.exe -d D:/no_ja/LocalServer/Apache24'
[Fri Feb 03 21:25:17.339944 2023] [mpm_winnt:notice] [pid 16440:tid 404] AH00418: Parent: Created child process 5464
[Fri Feb 03 21:25:17.794134 2023] [mpm_winnt:notice] [pid 5464:tid 404] AH00354: Child: Starting 64 worker threads.
The 'Apache2.4' service is restarting.
The 'Apache2.4' service has restarted.
winnt:notice] [pid 16440:tid 404] AH00424: Parent: Received restart signal -- Restarting the server.
[Fri Feb 03 21:30:28.705211 2023] [mpm_winnt:notice] [pid 16440:tid 404] AH00455: Apache/2.4.55 (Win64) configured -- resuming normal operations
[Fri Feb 03 21:30:28.705211 2023] [mpm_winnt:notice] [pid 16440:tid 404] AH00456: Apache Lounge VS17 Server built: Feb  1 2023 09:38:30
[Fri Feb 03 21:30:28.705211 2023] [core:notice] [pid 16440:tid 404] AH00094: Command line: 'D:\\no_ja\\LocalServer\\Apache24\\bin\\httpd.exe -d D:/no_ja/LocalServer/Apache24'
[Fri Feb 03 21:30:28.709209 2023] [mpm_winnt:notice] [pid 16440:tid 404] AH00418: Parent: Created child process 2572
[Fri Feb 03 21:30:29.641915 2023] [mpm_winnt:notice] [pid 2572:tid 412] AH00354: Child: Starting 64 worker threads.
[Fri Feb 03 21:30:30.643499 2023] [mpm_winnt:notice] [pid 5464:tid 404] AH00364: Child: All worker threads have exited.
[Fri Feb 03 21:40:52.105320 2023] [mpm_winnt:notice] [pid 16440:tid 404] AH00422: Parent: Received shutdown signal -- Shutting down the server.
[Fri Feb 03 21:40:54.119190 2023] [mpm_winnt:notice] [pid 2572:tid 412] AH00364: Child: All worker threads have exited.
[Fri Feb 03 21:40:54.203293 2023] [mpm_winnt:notice] [pid 16440:tid 404] AH00430: Parent: Child process 2572 exited successfully.
The 'Apache2.4' service is restarting.
Starting the 'Apache2.4' service
The 'Apache2.4' service is running.
pm_winnt:notice] [pid 17912:tid 396] AH00455: Apache/2.4.55 (Win64) PHP/8.2.2 configured -- resuming normal operations
[Fri Feb 03 21:50:20.726896 2023] [mpm_winnt:notice] [pid 17912:tid 396] AH00456: Apache Lounge VS17 Server built: Feb  1 2023 09:38:30
[Fri Feb 03 21:50:20.726896 2023] [core:notice] [pid 17912:tid 396] AH00094: Command line: 'D:\\no_ja\\LocalServer\\bin\\Apache24\\bin\\httpd.exe -d D:/no_ja/LocalServer/bin/Apache24'
[Fri Feb 03 21:50:20.731768 2023] [mpm_winnt:notice] [pid 17912:tid 396] AH00418: Parent: Created child process 17456
[Fri Feb 03 21:50:21.267798 2023] [mpm_winnt:notice] [pid 17456:tid 404] AH00354: Child: Starting 64 worker threads.
[Fri Feb 03 21:59:33.645825 2023] [mpm_winnt:notice] [pid 17912:tid 396] AH00422: Parent: Received shutdown signal -- Shutting down the server.
[Fri Feb 03 21:59:44.302329 2023] [mpm_winnt:notice] [pid 17456:tid 404] AH00364: Child: All worker threads have exited.
[Fri Feb 03 21:59:44.333666 2023] [mpm_winnt:notice] [pid 17912:tid 396] AH00430: Parent: Child process 17456 exited successfully.
The 'Apache2.4' service is restarting.
Starting the 'Apache2.4' service
The 'Apache2.4' service is running.
pm_winnt:notice] [pid 21588:tid 412] AH00455: Apache/2.4.55 (Win64) PHP/8.2.2 configured -- resuming normal operations
[Fri Feb 03 22:24:55.759614 2023] [mpm_winnt:notice] [pid 21588:tid 412] AH00456: Apache Lounge VS17 Server built: Feb  1 2023 09:38:30
[Fri Feb 03 22:24:55.759614 2023] [core:notice] [pid 21588:tid 412] AH00094: Command line: 'D:\\no_ja\\no JA\\Projekty\\WebDev\\PytaniaMatura\\LocalServer\\bin\\Apache24\\bin\\httpd.exe -d D:/no_ja/no JA/Projekty/WebDev/PytaniaMatura/LocalServer/bin/Apache24'
[Fri Feb 03 22:24:55.763024 2023] [mpm_winnt:notice] [pid 21588:tid 412] AH00418: Parent: Created child process 16036
[Fri Feb 03 22:24:56.259847 2023] [mpm_winnt:notice] [pid 16036:tid 432] AH00354: Child: Starting 64 worker threads.
[Fri Feb 03 22:26:38.559357 2023] [mpm_winnt:notice] [pid 21588:tid 412] AH00422: Parent: Received shutdown signal -- Shutting down the server.
[Fri Feb 03 22:26:48.263390 2023] [mpm_winnt:notice] [pid 16036:tid 432] AH00364: Child: All worker threads have exited.
[Fri Feb 03 22:26:48.333916 2023] [mpm_winnt:notice] [pid 21588:tid 412] AH00430: Parent: Child process 16036 exited successfully.
The 'Apache2.4' service is restarting.
Starting the 'Apache2.4' service
The 'Apache2.4' service is running.
pm_winnt:notice] [pid 21072:tid 388] AH00455: Apache/2.4.55 (Win64) PHP/8.2.2 configured -- resuming normal operations
[Fri Feb 03 22:27:14.842566 2023] [mpm_winnt:notice] [pid 21072:tid 388] AH00456: Apache Lounge VS17 Server built: Feb  1 2023 09:38:30
[Fri Feb 03 22:27:14.842566 2023] [core:notice] [pid 21072:tid 388] AH00094: Command line: 'D:\\no_ja\\no JA\\Projekty\\WebDev\\PytaniaMatura\\LocalServer\\bin\\Apache24\\bin\\httpd.exe -d D:/no_ja/no JA/Projekty/WebDev/PytaniaMatura/LocalServer/bin/Apache24'
[Fri Feb 03 22:27:14.845847 2023] [mpm_winnt:notice] [pid 21072:tid 388] AH00418: Parent: Created child process 9980
[Fri Feb 03 22:27:15.333300 2023] [mpm_winnt:notice] [pid 9980:tid 420] AH00354: Child: Starting 64 worker threads.
[Fri Feb 03 22:29:47.692765 2023] [mpm_winnt:notice] [pid 21072:tid 388] AH00422: Parent: Received shutdown signal -- Shutting down the server.
[Fri Feb 03 22:29:49.720067 2023] [mpm_winnt:notice] [pid 9980:tid 420] AH00364: Child: All worker threads have exited.
[Fri Feb 03 22:29:49.749198 2023] [mpm_winnt:notice] [pid 21072:tid 388] AH00430: Parent: Child process 9980 exited successfully.
The 'Apache2.4' service is restarting.
Starting the 'Apache2.4' service
The 'Apache2.4' service is running.
pm_winnt:notice] [pid 21108:tid 404] AH00455: Apache/2.4.55 (Win64) PHP/8.2.2 configured -- resuming normal operations
[Fri Feb 03 22:30:10.997344 2023] [mpm_winnt:notice] [pid 21108:tid 404] AH00456: Apache Lounge VS17 Server built: Feb  1 2023 09:38:30
[Fri Feb 03 22:30:10.997344 2023] [core:notice] [pid 21108:tid 404] AH00094: Command line: 'D:\\no_ja\\no JA\\Projekty\\WebDev\\PytaniaMatura\\LocalServer\\bin\\Apache24\\bin\\httpd.exe -d D:/no_ja/no JA/Projekty/WebDev/PytaniaMatura/LocalServer/bin/Apache24'
[Fri Feb 03 22:30:11.002332 2023] [mpm_winnt:notice] [pid 21108:tid 404] AH00418: Parent: Created child process 19396
[Fri Feb 03 22:30:11.584738 2023] [mpm_winnt:notice] [pid 19396:tid 436] AH00354: Child: Starting 64 worker threads.
The 'Apache2.4' service is restarting.
The  Feb 03 23:10:38.822689 2023] [mpm_winnt:notice] [pid 21108:tid 404] AH00424: Parent: Received restart signal -- Restarting the server.
[Fri Feb 03 23:10:38.923025 2023] [mpm_winnt:notice] [pid 21108:tid 404] AH00455: Apache/2.4.55 (Win64) PHP/8.2.2 configured -- resuming normal operations
[Fri Feb 03 23:10:38.923025 2023] [mpm_winnt:notice] [pid 21108:tid 404] AH00456: Apache Lounge VS17 Server built: Feb  1 2023 09:38:30
[Fri Feb 03 23:10:38.923025 2023] [core:notice] [pid 21108:tid 404] AH00094: Command line: 'D:\\no_ja\\no JA\\Projekty\\WebDev\\PytaniaMatura\\LocalServer\\bin\\Apache24\\bin\\httpd.exe -d D:/no_ja/no JA/Projekty/WebDev/PytaniaMatura/LocalServer/bin/Apache24'
[Fri Feb 03 23:10:38.926024 2023] [mpm_winnt:notice] [pid 21108:tid 404] AH00418: Parent: Created child process 13932
[Fri Feb 03 23:10:39.825330 2023] [mpm_winnt:notice] [pid 13932:tid 444] AH00354: Child: Starting 64 worker threads.
[Fri Feb 03 23:10:40.832774 2023] [mpm_winnt:notice] [pid 19396:tid 436] AH00364: Child: All worker threads have exited.
[Fri Feb 03 23:11:08.813797 2023] [mpm_winnt:notice] [pid 21108:tid 404] AH00422: Parent: Received shutdown signal -- Shutting down the server.
[Fri Feb 03 23:11:38.821145 2023] [mpm_winnt:notice] [pid 21108:tid 404] AH00431: Parent: Forcing termination of child process 13932
The 'Apache2.4' service is restarting.
Starting the 'Apache2.4' service
The 'Apache2.4' service is running.
pm_winnt:notice] [pid 5360:tid 388] AH00455: Apache/2.4.55 (Win64) PHP/8.2.2 configured -- resuming normal operations
[Fri Feb 03 23:11:43.120492 2023] [mpm_winnt:notice] [pid 5360:tid 388] AH00456: Apache Lounge VS17 Server built: Feb  1 2023 09:38:30
[Fri Feb 03 23:11:43.120492 2023] [core:notice] [pid 5360:tid 388] AH00094: Command line: 'D:\\no_ja\\no JA\\Projekty\\WebDev\\PytaniaMatura\\LocalServer\\bin\\Apache24\\bin\\httpd.exe -d D:/no_ja/no JA/Projekty/WebDev/PytaniaMatura/LocalServer/bin/Apache24'
[Fri Feb 03 23:11:43.123624 2023] [mpm_winnt:notice] [pid 5360:tid 388] AH00418: Parent: Created child process 10144
[Fri Feb 03 23:11:43.639840 2023] [mpm_winnt:notice] [pid 10144:tid 408] AH00354: Child: Starting 64 worker threads.
[Fri Feb 03 23:12:01.921872 2023] [mpm_winnt:notice] [pid 5360:tid 388] AH00422: Parent: Received shutdown signal -- Shutting down the server.
[Fri Feb 03 23:12:31.926748 2023] [mpm_winnt:notice] [pid 5360:tid 388] AH00431: Parent: Forcing termination of child process 10144
The 'Apache2.4' service is restarting.
Starting the 'Apache2.4' service
The 'Apache2.4' service is running.
pm_winnt:notice] [pid 9208:tid 388] AH00455: Apache/2.4.55 (Win64) PHP/8.2.2 configured -- resuming normal operations
[Fri Feb 03 23:12:53.123356 2023] [mpm_winnt:notice] [pid 9208:tid 388] AH00456: Apache Lounge VS17 Server built: Feb  1 2023 09:38:30
[Fri Feb 03 23:12:53.123356 2023] [core:notice] [pid 9208:tid 388] AH00094: Command line: 'D:\\no_ja\\no JA\\Projekty\\WebDev\\PytaniaMatura\\LocalServer\\bin\\Apache24\\bin\\httpd.exe -d D:/no_ja/no JA/Projekty/WebDev/PytaniaMatura/LocalServer/bin/Apache24'
[Fri Feb 03 23:12:53.127051 2023] [mpm_winnt:notice] [pid 9208:tid 388] AH00418: Parent: Created child process 17496
[Fri Feb 03 23:12:53.593836 2023] [mpm_winnt:notice] [pid 17496:tid 404] AH00354: Child: Starting 64 worker threads.
[Sat Feb 04 00:18:41.285010 2023] [mpm_winnt:notice] [pid 9208:tid 388] AH00422: Parent: Received shutdown signal -- Shutting down the server.
[Sat Feb 04 00:18:43.290288 2023] [mpm_winnt:notice] [pid 17496:tid 404] AH00364: Child: All worker threads have exited.
[Sat Feb 04 00:18:43.323564 2023] [mpm_winnt:notice] [pid 9208:tid 388] AH00430: Parent: Child process 17496 exited successfully.
The 'Apache2.4' service is restarting.
Starting the 'Apache2.4' service
The 'Apache2.4' service is running.
pm_winnt:notice] [pid 14960:tid 452] AH00455: Apache/2.4.55 (Win64) PHP/8.2.2 configured -- resuming normal operations
[Sat Feb 04 00:22:29.654409 2023] [mpm_winnt:notice] [pid 14960:tid 452] AH00456: Apache Lounge VS17 Server built: Feb  1 2023 09:38:30
[Sat Feb 04 00:22:29.654409 2023] [core:notice] [pid 14960:tid 452] AH00094: Command line: 'C:\\Users\\Slawek\\Desktop\\PytaniaMatura\\LocalServer\\bin\\Apache24\\bin\\httpd.exe -d C:/Users/Slawek/Desktop/PytaniaMatura/LocalServer/bin/Apache24'
[Sat Feb 04 00:22:29.658401 2023] [mpm_winnt:notice] [pid 14960:tid 452] AH00418: Parent: Created child process 6688
[Sat Feb 04 00:22:30.214168 2023] [mpm_winnt:notice] [pid 6688:tid 428] AH00354: Child: Starting 64 worker threads.
[Sat Feb 04 00:23:45.476559 2023] [mpm_winnt:notice] [pid 14960:tid 452] AH00422: Parent: Received shutdown signal -- Shutting down the server.
[Sat Feb 04 00:23:47.492744 2023] [mpm_winnt:notice] [pid 6688:tid 428] AH00364: Child: All worker threads have exited.
[Sat Feb 04 00:23:47.522320 2023] [mpm_winnt:notice] [pid 14960:tid 452] AH00430: Parent: Child process 6688 exited successfully.
The 'Apache2.4' service is restarting.
Starting the 'Apache2.4' service
The 'Apache2.4' service is running.
pm_winnt:notice] [pid 12344:tid 392] AH00455: Apache/2.4.55 (Win64) PHP/8.2.2 configured -- resuming normal operations
[Sat Feb 04 00:23:56.714451 2023] [mpm_winnt:notice] [pid 12344:tid 392] AH00456: Apache Lounge VS17 Server built: Feb  1 2023 09:38:30
[Sat Feb 04 00:23:56.714451 2023] [core:notice] [pid 12344:tid 392] AH00094: Command line: 'C:\\Users\\Slawek\\Desktop\\PytaniaMatura\\LocalServer\\bin\\Apache24\\bin\\httpd.exe -d C:/Users/Slawek/Desktop/PytaniaMatura/LocalServer/bin/Apache24'
[Sat Feb 04 00:23:56.718449 2023] [mpm_winnt:notice] [pid 12344:tid 392] AH00418: Parent: Created child process 25244
[Sat Feb 04 00:23:57.227123 2023] [mpm_winnt:notice] [pid 25244:tid 404] AH00354: Child: Starting 64 worker threads.
[Sat Feb 04 00:24:18.490349 2023] [mpm_winnt:notice] [pid 12344:tid 392] AH00422: Parent: Received shutdown signal -- Shutting down the server.
[Sat Feb 04 00:24:20.506761 2023] [mpm_winnt:notice] [pid 25244:tid 404] AH00364: Child: All worker threads have exited.
[Sat Feb 04 00:24:20.534405 2023] [mpm_winnt:notice] [pid 12344:tid 392] AH00430: Parent: Child process 25244 exited successfully.
The 'Apache2.4' service is restarting.
Starting the 'Apache2.4' service
The 'Apache2.4' service is running.
pm_winnt:notice] [pid 21064:tid 404] AH00455: Apache/2.4.55 (Win64) PHP/8.2.2 configured -- resuming normal operations
[Sat Feb 04 00:24:52.630135 2023] [mpm_winnt:notice] [pid 21064:tid 404] AH00456: Apache Lounge VS17 Server built: Feb  1 2023 09:38:30
[Sat Feb 04 00:24:52.630135 2023] [core:notice] [pid 21064:tid 404] AH00094: Command line: 'C:\\Users\\Slawek\\Desktop\\PytaniaMatura\\LocalServer\\bin\\Apache24\\bin\\httpd.exe -d C:/Users/Slawek/Desktop/PytaniaMatura/LocalServer/bin/Apache24'
[Sat Feb 04 00:24:52.634112 2023] [mpm_winnt:notice] [pid 21064:tid 404] AH00418: Parent: Created child process 20272
[Sat Feb 04 00:24:53.243938 2023] [mpm_winnt:notice] [pid 20272:tid 416] AH00354: Child: Starting 64 worker threads.
[Sat Feb 04 00:27:21.025834 2023] [mpm_winnt:notice] [pid 21064:tid 404] AH00422: Parent: Received shutdown signal -- Shutting down the server.
[Sat Feb 04 00:27:23.037087 2023] [mpm_winnt:notice] [pid 20272:tid 416] AH00364: Child: All worker threads have exited.
[Sat Feb 04 00:27:23.070386 2023] [mpm_winnt:notice] [pid 21064:tid 404] AH00430: Parent: Child process 20272 exited successfully.
The 'Apache2.4' service is restarting.
Starting the 'Apache2.4' service
The 'Apache2.4' service is running.
pm_winnt:notice] [pid 16108:tid 404] AH00455: Apache/2.4.55 (Win64) PHP/8.2.2 configured -- resuming normal operations
[Sat Feb 04 00:27:49.870477 2023] [mpm_winnt:notice] [pid 16108:tid 404] AH00456: Apache Lounge VS17 Server built: Feb  1 2023 09:38:30
[Sat Feb 04 00:27:49.870477 2023] [core:notice] [pid 16108:tid 404] AH00094: Command line: 'C:\\Users\\Slawek\\Desktop\\PytaniaMatura\\LocalServer\\bin\\Apache24\\bin\\httpd.exe -d C:/Users/Slawek/Desktop/PytaniaMatura/LocalServer/bin/Apache24'
[Sat Feb 04 00:27:49.874407 2023] [mpm_winnt:notice] [pid 16108:tid 404] AH00418: Parent: Created child process 5788
[Sat Feb 04 00:27:50.337909 2023] [mpm_winnt:notice] [pid 5788:tid 404] AH00354: Child: Starting 64 worker threads.
[Sat Feb 04 00:28:48.734919 2023] [mpm_winnt:notice] [pid 16108:tid 404] AH00422: Parent: Received shutdown signal -- Shutting down the server.
[Sat Feb 04 00:28:50.745317 2023] [mpm_winnt:notice] [pid 5788:tid 404] AH00364: Child: All worker threads have exited.
[Sat Feb 04 00:28:50.774163 2023] [mpm_winnt:notice] [pid 16108:tid 404] AH00430: Parent: Child process 5788 exited successfully.
The 'Apache2.4' service is restarting.
Starting the 'Apache2.4' service
The 'Apache2.4' service is running.
pm_winnt:notice] [pid 3644:tid 396] AH00455: Apache/2.4.55 (Win64) PHP/8.2.2 configured -- resuming normal operations
[Sat Feb 04 00:28:58.252196 2023] [mpm_winnt:notice] [pid 3644:tid 396] AH00456: Apache Lounge VS17 Server built: Feb  1 2023 09:38:30
[Sat Feb 04 00:28:58.252196 2023] [core:notice] [pid 3644:tid 396] AH00094: Command line: 'C:\\Users\\Slawek\\Desktop\\PytaniaMatura\\LocalServer\\bin\\Apache24\\bin\\httpd.exe -d C:/Users/Slawek/Desktop/PytaniaMatura/LocalServer/bin/Apache24'
[Sat Feb 04 00:28:58.256202 2023] [mpm_winnt:notice] [pid 3644:tid 396] AH00418: Parent: Created child process 22708
[Sat Feb 04 00:28:59.162224 2023] [mpm_winnt:notice] [pid 22708:tid 448] AH00354: Child: Starting 64 worker threads.
[Sat Feb 04 00:36:34.604252 2023] [mpm_winnt:notice] [pid 3644:tid 396] AH00422: Parent: Received shutdown signal -- Shutting down the server.
[Sat Feb 04 00:36:36.631037 2023] [mpm_winnt:notice] [pid 22708:tid 448] AH00364: Child: All worker threads have exited.
[Sat Feb 04 00:36:36.663263 2023] [mpm_winnt:notice] [pid 3644:tid 396] AH00430: Parent: Child process 22708 exited successfully.
The 'Apache2.4' service is restarting.
Starting the 'Apache2.4' service
The 'Apache2.4' service is running.
pm_winnt:notice] [pid 3784:tid 412] AH00455: Apache/2.4.55 (Win64) PHP/8.2.2 configured -- resuming normal operations
[Sat Feb 04 00:40:38.841190 2023] [mpm_winnt:notice] [pid 3784:tid 412] AH00456: Apache Lounge VS17 Server built: Feb  1 2023 09:38:30
[Sat Feb 04 00:40:38.841190 2023] [core:notice] [pid 3784:tid 412] AH00094: Command line: 'D:\\no_ja\\no JA\\Projekty\\WebDev\\PytaniaMatura\\LocalServer\\bin\\Apache24\\bin\\httpd.exe -d D:/no_ja/no JA/Projekty/WebDev/PytaniaMatura/LocalServer/bin/Apache24'
[Sat Feb 04 00:40:38.845188 2023] [mpm_winnt:notice] [pid 3784:tid 412] AH00418: Parent: Created child process 24216
[Sat Feb 04 00:40:39.362996 2023] [mpm_winnt:notice] [pid 24216:tid 408] AH00354: Child: Starting 64 worker threads.
[Sat Feb 04 00:42:14.963022 2023] [mpm_winnt:notice] [pid 3784:tid 412] AH00422: Parent: Received shutdown signal -- Shutting down the server.
[Sat Feb 04 00:42:16.973226 2023] [mpm_winnt:notice] [pid 24216:tid 408] AH00364: Child: All worker threads have exited.
[Sat Feb 04 00:42:17.002937 2023] [mpm_winnt:notice] [pid 3784:tid 412] AH00430: Parent: Child process 24216 exited successfully.
The 'Apache2.4' service is restarting.
Starting the 'Apache2.4' service
The 'Apache2.4' service is running.
pm_winnt:notice] [pid 24404:tid 400] AH00455: Apache/2.4.55 (Win64) PHP/8.2.2 configured -- resuming normal operations
[Sat Feb 04 00:42:25.488945 2023] [mpm_winnt:notice] [pid 24404:tid 400] AH00456: Apache Lounge VS17 Server built: Feb  1 2023 09:38:30
[Sat Feb 04 00:42:25.488945 2023] [core:notice] [pid 24404:tid 400] AH00094: Command line: 'D:\\no_ja\\no JA\\Projekty\\WebDev\\PytaniaMatura\\LocalServer\\bin\\Apache24\\bin\\httpd.exe -d D:/no_ja/no JA/Projekty/WebDev/PytaniaMatura/LocalServer/bin/Apache24'
[Sat Feb 04 00:42:25.491923 2023] [mpm_winnt:notice] [pid 24404:tid 400] AH00418: Parent: Created child process 4904
[Sat Feb 04 00:42:25.969772 2023] [mpm_winnt:notice] [pid 4904:tid 404] AH00354: Child: Starting 64 worker threads.
[Sat Feb 04 00:42:51.936551 2023] [mpm_winnt:notice] [pid 24404:tid 400] AH00422: Parent: Received shutdown signal -- Shutting down the server.
[Sat Feb 04 00:42:53.960727 2023] [mpm_winnt:notice] [pid 4904:tid 404] AH00364: Child: All worker threads have exited.
[Sat Feb 04 00:42:53.988578 2023] [mpm_winnt:notice] [pid 24404:tid 400] AH00430: Parent: Child process 4904 exited successfully.
The 'Apache2.4' service is restarting.
Starting the 'Apache2.4' service
The 'Apache2.4' service is running.
pm_winnt:notice] [pid 9504:tid 408] AH00455: Apache/2.4.55 (Win64) PHP/8.2.2 configured -- resuming normal operations
[Sat Feb 04 00:43:44.263968 2023] [mpm_winnt:notice] [pid 9504:tid 408] AH00456: Apache Lounge VS17 Server built: Feb  1 2023 09:38:30
[Sat Feb 04 00:43:44.263968 2023] [core:notice] [pid 9504:tid 408] AH00094: Command line: 'D:\\no_ja\\no JA\\Projekty\\WebDev\\PytaniaMatura\\LocalServer\\bin\\Apache24\\bin\\httpd.exe -d D:/no_ja/no JA/Projekty/WebDev/PytaniaMatura/LocalServer/bin/Apache24'
[Sat Feb 04 00:43:44.266962 2023] [mpm_winnt:notice] [pid 9504:tid 408] AH00418: Parent: Created child process 22960
[Sat Feb 04 00:43:44.739954 2023] [mpm_winnt:notice] [pid 22960:tid 404] AH00354: Child: Starting 64 worker threads.
(OS 5)Odmowa dostêpu.  : AH10014: Failed to open the 'Apache2.4' service
The 'Apache2.4' service is restarting.
The 'Apache2.4' service has restarted.
winnt:notice] [pid 9504:tid 408] AH00424: Parent: Received restart signal -- Restarting the server.
[Sat Feb 04 00:51:58.110491 2023] [mpm_winnt:notice] [pid 9504:tid 408] AH00455: Apache/2.4.55 (Win64) PHP/8.2.2 configured -- resuming normal operations
[Sat Feb 04 00:51:58.111487 2023] [mpm_winnt:notice] [pid 9504:tid 408] AH00456: Apache Lounge VS17 Server built: Feb  1 2023 09:38:30
[Sat Feb 04 00:51:58.111487 2023] [core:notice] [pid 9504:tid 408] AH00094: Command line: 'D:\\no_ja\\no JA\\Projekty\\WebDev\\PytaniaMatura\\LocalServer\\bin\\Apache24\\bin\\httpd.exe -d D:/no_ja/no JA/Projekty/WebDev/PytaniaMatura/LocalServer/bin/Apache24'
[Sat Feb 04 00:51:58.115169 2023] [mpm_winnt:notice] [pid 9504:tid 408] AH00418: Parent: Created child process 10396
[Sat Feb 04 00:51:59.062060 2023] [mpm_winnt:notice] [pid 10396:tid 424] AH00354: Child: Starting 64 worker threads.
[Sat Feb 04 00:52:00.074216 2023] [mpm_winnt:notice] [pid 22960:tid 404] AH00364: Child: All worker threads have exited.
[Sat Feb 04 00:57:27.810080 2023] [mpm_winnt:notice] [pid 9504:tid 408] AH00422: Parent: Received shutdown signal -- Shutting down the server.
[Sat Feb 04 00:57:29.826771 2023] [mpm_winnt:notice] [pid 10396:tid 424] AH00364: Child: All worker threads have exited.
[Sat Feb 04 00:57:29.854316 2023] [mpm_winnt:notice] [pid 9504:tid 408] AH00430: Parent: Child process 10396 exited successfully.
The 'Apache2.4' service is restarting.
Starting the 'Apache2.4' service
The 'Apache2.4' service is running.
pm_winnt:notice] [pid 5832:tid 388] AH00455: Apache/2.4.55 (Win64) PHP/8.2.2 configured -- resuming normal operations
[Sat Feb 04 00:59:45.664715 2023] [mpm_winnt:notice] [pid 5832:tid 388] AH00456: Apache Lounge VS17 Server built: Feb  1 2023 09:38:30
[Sat Feb 04 00:59:45.664715 2023] [core:notice] [pid 5832:tid 388] AH00094: Command line: 'D:\\no_ja\\no JA\\Projekty\\WebDev\\PytaniaMatura\\LocalServer\\bin\\Apache24\\bin\\httpd.exe -d D:/no_ja/no JA/Projekty/WebDev/PytaniaMatura/LocalServer/bin/Apache24'
[Sat Feb 04 00:59:45.668715 2023] [mpm_winnt:notice] [pid 5832:tid 388] AH00418: Parent: Created child process 11680
[Sat Feb 04 00:59:46.196253 2023] [mpm_winnt:notice] [pid 11680:tid 404] AH00354: Child: Starting 64 worker threads.
[Sat Feb 04 01:00:17.276601 2023] [mpm_winnt:notice] [pid 5832:tid 388] AH00422: Parent: Received shutdown signal -- Shutting down the server.
[Sat Feb 04 01:00:19.285640 2023] [mpm_winnt:notice] [pid 11680:tid 404] AH00364: Child: All worker threads have exited.
[Sat Feb 04 01:00:19.314820 2023] [mpm_winnt:notice] [pid 5832:tid 388] AH00430: Parent: Child process 11680 exited successfully.
The 'Apache2.4' service is restarting.
Starting the 'Apache2.4' service
The 'Apache2.4' service is running.
pm_winnt:notice] [pid 4856:tid 392] AH00455: Apache/2.4.55 (Win64) PHP/8.2.2 configured -- resuming normal operations
[Sat Feb 04 01:00:24.312466 2023] [mpm_winnt:notice] [pid 4856:tid 392] AH00456: Apache Lounge VS17 Server built: Feb  1 2023 09:38:30
[Sat Feb 04 01:00:24.312466 2023] [core:notice] [pid 4856:tid 392] AH00094: Command line: 'D:\\no_ja\\no JA\\Projekty\\WebDev\\PytaniaMatura\\LocalServer\\bin\\Apache24\\bin\\httpd.exe -d D:/no_ja/no JA/Projekty/WebDev/PytaniaMatura/LocalServer/bin/Apache24'
[Sat Feb 04 01:00:24.316472 2023] [mpm_winnt:notice] [pid 4856:tid 392] AH00418: Parent: Created child process 18500
[Sat Feb 04 01:00:24.800817 2023] [mpm_winnt:notice] [pid 18500:tid 428] AH00354: Child: Starting 64 worker threads.
[Sat Feb 04 01:01:14.805642 2023] [mpm_winnt:notice] [pid 4856:tid 392] AH00422: Parent: Received shutdown signal -- Shutting down the server.
[Sat Feb 04 01:01:16.827302 2023] [mpm_winnt:notice] [pid 18500:tid 428] AH00364: Child: All worker threads have exited.
[Sat Feb 04 01:01:16.860834 2023] [mpm_winnt:notice] [pid 4856:tid 392] AH00430: Parent: Child process 18500 exited successfully.
The 'Apache2.4' service is restarting.
Starting the 'Apache2.4' service
The 'Apache2.4' service is running.
pm_winnt:notice] [pid 23036:tid 412] AH00455: Apache/2.4.55 (Win64) PHP/8.2.2 configured -- resuming normal operations
[Sat Feb 04 01:01:25.094336 2023] [mpm_winnt:notice] [pid 23036:tid 412] AH00456: Apache Lounge VS17 Server built: Feb  1 2023 09:38:30
[Sat Feb 04 01:01:25.094336 2023] [core:notice] [pid 23036:tid 412] AH00094: Command line: 'D:\\no_ja\\no JA\\Projekty\\WebDev\\PytaniaMatura\\LocalServer\\bin\\Apache24\\bin\\httpd.exe -d D:/no_ja/no JA/Projekty/WebDev/PytaniaMatura/LocalServer/bin/Apache24'
[Sat Feb 04 01:01:25.097144 2023] [mpm_winnt:notice] [pid 23036:tid 412] AH00418: Parent: Created child process 6508
[Sat Feb 04 01:01:25.573452 2023] [mpm_winnt:notice] [pid 6508:tid 424] AH00354: Child: Starting 64 worker threads.
[Sat Feb 04 01:01:51.805203 2023] [mpm_winnt:notice] [pid 23036:tid 412] AH00422: Parent: Received shutdown signal -- Shutting down the server.
[Sat Feb 04 01:01:53.817180 2023] [mpm_winnt:notice] [pid 6508:tid 424] AH00364: Child: All worker threads have exited.
[Sat Feb 04 01:01:53.846062 2023] [mpm_winnt:notice] [pid 23036:tid 412] AH00430: Parent: Child process 6508 exited successfully.
The 'Apache2.4' service is restarting.
Starting the 'Apache2.4' service
The 'Apache2.4' service is running.
pm_winnt:notice] [pid 11132:tid 400] AH00455: Apache/2.4.55 (Win64) PHP/8.2.2 configured -- resuming normal operations
[Sat Feb 04 01:02:06.504700 2023] [mpm_winnt:notice] [pid 11132:tid 400] AH00456: Apache Lounge VS17 Server built: Feb  1 2023 09:38:30
[Sat Feb 04 01:02:06.504700 2023] [core:notice] [pid 11132:tid 400] AH00094: Command line: 'D:\\no_ja\\no JA\\Projekty\\WebDev\\PytaniaMatura\\LocalServer\\bin\\Apache24\\bin\\httpd.exe -d D:/no_ja/no JA/Projekty/WebDev/PytaniaMatura/LocalServer/bin/Apache24'
[Sat Feb 04 01:02:06.508689 2023] [mpm_winnt:notice] [pid 11132:tid 400] AH00418: Parent: Created child process 10892
[Sat Feb 04 01:02:07.003140 2023] [mpm_winnt:notice] [pid 10892:tid 416] AH00354: Child: Starting 64 worker threads.
The 'Apache2.4' service is restarting.
The 'Apache2.4' service has restarted.
winnt:notice] [pid 11132:tid 400] AH00424: Parent: Received restart signal -- Restarting the server.
[Sat Feb 04 11:22:50.217547 2023] [mpm_winnt:notice] [pid 11132:tid 400] AH00455: Apache/2.4.55 (Win64) PHP/8.2.2 configured -- resuming normal operations
[Sat Feb 04 11:22:50.217547 2023] [mpm_winnt:notice] [pid 11132:tid 400] AH00456: Apache Lounge VS17 Server built: Feb  1 2023 09:38:30
[Sat Feb 04 11:22:50.217547 2023] [core:notice] [pid 11132:tid 400] AH00094: Command line: 'D:\\no_ja\\no JA\\Projekty\\WebDev\\PytaniaMatura\\LocalServer\\bin\\Apache24\\bin\\httpd.exe -d D:/no_ja/no JA/Projekty/WebDev/PytaniaMatura/LocalServer/bin/Apache24'
[Sat Feb 04 11:22:50.233171 2023] [mpm_winnt:notice] [pid 11132:tid 400] AH00418: Parent: Created child process 9276
[Sat Feb 04 11:22:51.029991 2023] [mpm_winnt:notice] [pid 9276:tid 404] AH00354: Child: Starting 64 worker threads.
[Sat Feb 04 11:22:52.034909 2023] [mpm_winnt:notice] [pid 10892:tid 416] AH00364: Child: All worker threads have exited.
[Sat Feb 04 11:34:46.710611 2023] [mpm_winnt:notice] [pid 11132:tid 400] AH00422: Parent: Received shutdown signal -- Shutting down the server.
[Sat Feb 04 11:34:48.758031 2023] [mpm_winnt:notice] [pid 9276:tid 404] AH00364: Child: All worker threads have exited.
[Sat Feb 04 11:34:48.773660 2023] [mpm_winnt:notice] [pid 11132:tid 400] AH00430: Parent: Child process 9276 exited successfully.
[Sat Feb 04 11:35:54.932723 2023] [mpm_winnt:notice] [pid 4680:tid 388] AH00455: Apache/2.4.55 (Win64) PHP/8.2.2 configured -- resuming normal operations
[Sat Feb 04 11:35:54.942776 2023] [mpm_winnt:notice] [pid 4680:tid 388] AH00456: Apache Lounge VS17 Server built: Feb  1 2023 09:38:30
[Sat Feb 04 11:35:54.942776 2023] [core:notice] [pid 4680:tid 388] AH00094: Command line: 'D:\\no_ja\\no JA\\Projekty\\WebDev\\PytaniaMatura\\LocalServer\\bin\\Apache24\\bin\\httpd.exe -d D:/no_ja/no JA/Projekty/WebDev/PytaniaMatura/LocalServer/bin/Apache24'
[Sat Feb 04 11:35:54.950828 2023] [mpm_winnt:notice] [pid 4680:tid 388] AH00418: Parent: Created child process 6032
[Sat Feb 04 11:35:56.313104 2023] [mpm_winnt:notice] [pid 6032:tid 412] AH00354: Child: Starting 64 worker threads.
[Sat Feb 04 11:39:38.074824 2023] [mpm_winnt:notice] [pid 4680:tid 388] AH00422: Parent: Received shutdown signal -- Shutting down the server.
[Sat Feb 04 11:39:40.090788 2023] [mpm_winnt:notice] [pid 6032:tid 412] AH00364: Child: All worker threads have exited.
[Sat Feb 04 11:39:40.153250 2023] [mpm_winnt:notice] [pid 4680:tid 388] AH00430: Parent: Child process 6032 exited successfully.
The 'Apache2.4' service is restarting.
Starting the 'Apache2.4' service
The 'Apache2.4' service is running.
pm_winnt:notice] [pid 15128:tid 400] AH00455: Apache/2.4.55 (Win64) PHP/8.2.2 configured -- resuming normal operations
[Sat Feb 04 11:40:49.271968 2023] [mpm_winnt:notice] [pid 15128:tid 400] AH00456: Apache Lounge VS17 Server built: Feb  1 2023 09:38:30
[Sat Feb 04 11:40:49.271968 2023] [core:notice] [pid 15128:tid 400] AH00094: Command line: 'D:\\no_ja\\no JA\\Projekty\\WebDev\\PytaniaMatura\\LocalServer\\bin\\Apache24\\bin\\httpd.exe -d D:/no_ja/no JA/Projekty/WebDev/PytaniaMatura/LocalServer/bin/Apache24'
[Sat Feb 04 11:40:49.276946 2023] [mpm_winnt:notice] [pid 15128:tid 400] AH00418: Parent: Created child process 11668
[Sat Feb 04 11:40:49.878393 2023] [mpm_winnt:notice] [pid 11668:tid 404] AH00354: Child: Starting 64 worker threads.
[Sat Feb 04 11:41:22.653226 2023] [mpm_winnt:notice] [pid 15128:tid 400] AH00422: Parent: Received shutdown signal -- Shutting down the server.
[Sat Feb 04 11:41:32.141956 2023] [mpm_winnt:notice] [pid 11668:tid 404] AH00364: Child: All worker threads have exited.
[Sat Feb 04 11:41:32.189037 2023] [mpm_winnt:notice] [pid 15128:tid 400] AH00430: Parent: Child process 11668 exited successfully.
The 'Apache2.4' service is restarting.
Starting the 'Apache2.4' service
The 'Apache2.4' service is running.
pm_winnt:notice] [pid 1004:tid 404] AH00455: Apache/2.4.55 (Win64) PHP/8.2.2 configured -- resuming normal operations
[Sat Feb 04 11:41:40.937474 2023] [mpm_winnt:notice] [pid 1004:tid 404] AH00456: Apache Lounge VS17 Server built: Feb  1 2023 09:38:30
[Sat Feb 04 11:41:40.937474 2023] [core:notice] [pid 1004:tid 404] AH00094: Command line: 'D:\\no_ja\\no JA\\Projekty\\WebDev\\PytaniaMatura\\LocalServer\\bin\\Apache24\\bin\\httpd.exe -d D:/no_ja/no JA/Projekty/WebDev/PytaniaMatura/LocalServer/bin/Apache24'
[Sat Feb 04 11:41:40.953096 2023] [mpm_winnt:notice] [pid 1004:tid 404] AH00418: Parent: Created child process 14672
[Sat Feb 04 11:41:41.468713 2023] [mpm_winnt:notice] [pid 14672:tid 452] AH00354: Child: Starting 64 worker threads.
The 'Apache2.4' service is restarting.
Starting the 'Apache2.4' service
The 'Apache2.4' service is running.
ore:warn] [pid 14724:tid 440] AH00098: pid file D:/no ja/no JA/Projekty/WebDev/PytaniaMatura/LocalServer/bin/Apache24/logs/httpd.pid overwritten -- Unclean shutdown of previous Apache run?
[Mon Feb 06 18:50:47.090503 2023] [mpm_winnt:notice] [pid 14724:tid 440] AH00455: Apache/2.4.55 (Win64) PHP/8.2.2 configured -- resuming normal operations
[Mon Feb 06 18:50:47.090503 2023] [mpm_winnt:notice] [pid 14724:tid 440] AH00456: Apache Lounge VS17 Server built: Feb  1 2023 09:38:30
[Mon Feb 06 18:50:47.090503 2023] [core:notice] [pid 14724:tid 440] AH00094: Command line: 'D:\\no ja\\no JA\\Projekty\\WebDev\\PytaniaMatura\\LocalServer\\bin\\Apache24\\bin\\httpd.exe -d D:/no ja/no JA/Projekty/WebDev/PytaniaMatura/LocalServer/bin/Apache24'
[Mon Feb 06 18:50:47.095502 2023] [mpm_winnt:notice] [pid 14724:tid 440] AH00418: Parent: Created child process 16908
[Mon Feb 06 18:50:47.856713 2023] [mpm_winnt:notice] [pid 16908:tid 436] AH00354: Child: Starting 64 worker threads.
[Sun Feb 12 13:36:29.330252 2023] [mpm_winnt:notice] [pid 14724:tid 440] AH00428: Parent: child process 16908 exited with status 1 -- Restarting.
[Sun Feb 12 13:36:32.365577 2023] [mpm_winnt:notice] [pid 14724:tid 440] AH00455: Apache/2.4.55 (Win64) PHP/8.2.2 configured -- resuming normal operations
[Sun Feb 12 13:36:32.365577 2023] [mpm_winnt:notice] [pid 14724:tid 440] AH00456: Apache Lounge VS17 Server built: Feb  1 2023 09:38:30
[Sun Feb 12 13:36:32.365577 2023] [core:notice] [pid 14724:tid 440] AH00094: Command line: 'D:\\no ja\\no JA\\Projekty\\WebDev\\PytaniaMatura\\LocalServer\\bin\\Apache24\\bin\\httpd.exe -d D:/no ja/no JA/Projekty/WebDev/PytaniaMatura/LocalServer/bin/Apache24'
[Sun Feb 12 13:36:32.470931 2023] [mpm_winnt:notice] [pid 14724:tid 440] AH00418: Parent: Created child process 8356
[Sun Feb 12 13:36:33.246571 2023] [mpm_winnt:notice] [pid 8356:tid 404] AH00354: Child: Starting 64 worker threads.
[Sun Feb 19 01:14:57.919622 2023] [mpm_winnt:notice] [pid 14724:tid 440] AH00422: Parent: Received shutdown signal -- Shutting down the server.
[Sun Feb 19 01:15:02.579675 2023] [mpm_winnt:notice] [pid 8356:tid 404] AH00364: Child: All worker threads have exited.
[Sun Feb 19 01:16:16.657277 2023] [core:warn] [pid 4156:tid 388] AH00098: pid file D:/no ja/no JA/Projekty/WebDev/PytaniaMatura/LocalServer/bin/Apache24/logs/httpd.pid overwritten -- Unclean shutdown of previous Apache run?
[Sun Feb 19 01:16:18.446058 2023] [mpm_winnt:notice] [pid 4156:tid 388] AH00455: Apache/2.4.55 (Win64) PHP/8.2.2 configured -- resuming normal operations
[Sun Feb 19 01:16:18.446058 2023] [mpm_winnt:notice] [pid 4156:tid 388] AH00456: Apache Lounge VS17 Server built: Feb  1 2023 09:38:30
[Sun Feb 19 01:16:18.446058 2023] [core:notice] [pid 4156:tid 388] AH00094: Command line: 'D:\\no ja\\no JA\\Projekty\\WebDev\\PytaniaMatura\\LocalServer\\bin\\Apache24\\bin\\httpd.exe -d D:/no ja/no JA/Projekty/WebDev/PytaniaMatura/LocalServer/bin/Apache24'
[Sun Feb 19 01:16:18.446058 2023] [mpm_winnt:notice] [pid 4156:tid 388] AH00418: Parent: Created child process 5832
[Sun Feb 19 01:16:19.823131 2023] [mpm_winnt:notice] [pid 5832:tid 432] AH00354: Child: Starting 64 worker threads.
[Sun Feb 19 01:17:26.713841 2023] [mpm_winnt:notice] [pid 4156:tid 388] AH00422: Parent: Received shutdown signal -- Shutting down the server.
[Sun Feb 19 01:17:28.722477 2023] [mpm_winnt:notice] [pid 5832:tid 432] AH00364: Child: All worker threads have exited.
[Sun Feb 19 01:17:28.769349 2023] [mpm_winnt:notice] [pid 4156:tid 388] AH00430: Parent: Child process 5832 exited successfully.
[Sun Feb 19 09:44:48.825642 2023] [mpm_winnt:notice] [pid 4804:tid 388] AH00455: Apache/2.4.55 (Win64) PHP/8.2.2 configured -- resuming normal operations
[Sun Feb 19 09:44:48.835700 2023] [mpm_winnt:notice] [pid 4804:tid 388] AH00456: Apache Lounge VS17 Server built: Feb  1 2023 09:38:30
[Sun Feb 19 09:44:48.835700 2023] [core:notice] [pid 4804:tid 388] AH00094: Command line: 'D:\\no ja\\no JA\\Projekty\\WebDev\\PytaniaMatura\\LocalServer\\bin\\Apache24\\bin\\httpd.exe -d D:/no ja/no JA/Projekty/WebDev/PytaniaMatura/LocalServer/bin/Apache24'
[Sun Feb 19 09:44:48.866478 2023] [mpm_winnt:notice] [pid 4804:tid 388] AH00418: Parent: Created child process 6728
[Sun Feb 19 09:44:50.480002 2023] [mpm_winnt:notice] [pid 6728:tid 416] AH00354: Child: Starting 64 worker threads.
[Tue Feb 28 16:26:55.500130 2023] [core:warn] [pid 4420:tid 388] AH00098: pid file D:/no ja/no JA/Projekty/WebDev/PytaniaMatura/LocalServer/bin/Apache24/logs/httpd.pid overwritten -- Unclean shutdown of previous Apache run?
[Tue Feb 28 16:26:55.942052 2023] [mpm_winnt:notice] [pid 4420:tid 388] AH00455: Apache/2.4.55 (Win64) PHP/8.2.2 configured -- resuming normal operations
[Tue Feb 28 16:26:55.942052 2023] [mpm_winnt:notice] [pid 4420:tid 388] AH00456: Apache Lounge VS17 Server built: Feb  1 2023 09:38:30
[Tue Feb 28 16:26:55.942052 2023] [core:notice] [pid 4420:tid 388] AH00094: Command line: 'D:\\no ja\\no JA\\Projekty\\WebDev\\PytaniaMatura\\LocalServer\\bin\\Apache24\\bin\\httpd.exe -d D:/no ja/no JA/Projekty/WebDev/PytaniaMatura/LocalServer/bin/Apache24'
[Tue Feb 28 16:26:55.944079 2023] [mpm_winnt:notice] [pid 4420:tid 388] AH00418: Parent: Created child process 6108
[Tue Feb 28 16:26:58.833381 2023] [mpm_winnt:notice] [pid 6108:tid 412] AH00354: Child: Starting 64 worker threads.
[Sun Mar 05 10:44:28.029953 2023] [mpm_winnt:notice] [pid 4420:tid 388] AH00422: Parent: Received shutdown signal -- Shutting down the server.
[Sun Mar 05 10:44:31.100394 2023] [mpm_winnt:notice] [pid 6108:tid 412] AH00364: Child: All worker threads have exited.
[Sun Mar 05 10:44:33.475226 2023] [mpm_winnt:notice] [pid 4420:tid 388] AH00430: Parent: Child process 6108 exited successfully.
[Sun Mar 05 10:46:35.412264 2023] [mpm_winnt:notice] [pid 4856:tid 392] AH00455: Apache/2.4.55 (Win64) PHP/8.2.2 configured -- resuming normal operations
[Sun Mar 05 10:46:35.427890 2023] [mpm_winnt:notice] [pid 4856:tid 392] AH00456: Apache Lounge VS17 Server built: Feb  1 2023 09:38:30
[Sun Mar 05 10:46:35.427890 2023] [core:notice] [pid 4856:tid 392] AH00094: Command line: 'D:\\no ja\\no JA\\Projekty\\WebDev\\PytaniaMatura\\LocalServer\\bin\\Apache24\\bin\\httpd.exe -d D:/no ja/no JA/Projekty/WebDev/PytaniaMatura/LocalServer/bin/Apache24'
[Sun Mar 05 10:46:35.474763 2023] [mpm_winnt:notice] [pid 4856:tid 392] AH00418: Parent: Created child process 6444
[Sun Mar 05 10:46:44.478761 2023] [mpm_winnt:notice] [pid 6444:tid 408] AH00354: Child: Starting 64 worker threads.
[Sun Mar 05 10:48:16.366697 2023] [core:warn] [pid 4968:tid 388] AH00098: pid file D:/no ja/no JA/Projekty/WebDev/PytaniaMatura/LocalServer/bin/Apache24/logs/httpd.pid overwritten -- Unclean shutdown of previous Apache run?
[Sun Mar 05 10:48:16.736969 2023] [mpm_winnt:notice] [pid 4968:tid 388] AH00455: Apache/2.4.55 (Win64) PHP/8.2.2 configured -- resuming normal operations
[Sun Mar 05 10:48:16.736969 2023] [mpm_winnt:notice] [pid 4968:tid 388] AH00456: Apache Lounge VS17 Server built: Feb  1 2023 09:38:30
[Sun Mar 05 10:48:16.736969 2023] [core:notice] [pid 4968:tid 388] AH00094: Command line: 'D:\\no ja\\no JA\\Projekty\\WebDev\\PytaniaMatura\\LocalServer\\bin\\Apache24\\bin\\httpd.exe -d D:/no ja/no JA/Projekty/WebDev/PytaniaMatura/LocalServer/bin/Apache24'
[Sun Mar 05 10:48:16.749050 2023] [mpm_winnt:notice] [pid 4968:tid 388] AH00418: Parent: Created child process 6896
[Sun Mar 05 10:48:18.370177 2023] [mpm_winnt:notice] [pid 6896:tid 428] AH00354: Child: Starting 64 worker threads.
[Sun Mar 05 10:54:55.502806 2023] [core:warn] [pid 4760:tid 152] AH00098: pid file D:/no ja/no JA/Projekty/WebDev/PytaniaMatura/LocalServer/bin/Apache24/logs/httpd.pid overwritten -- Unclean shutdown of previous Apache run?
[Sun Mar 05 10:54:55.929095 2023] [mpm_winnt:notice] [pid 4760:tid 152] AH00455: Apache/2.4.55 (Win64) PHP/8.2.2 configured -- resuming normal operations
[Sun Mar 05 10:54:55.929095 2023] [mpm_winnt:notice] [pid 4760:tid 152] AH00456: Apache Lounge VS17 Server built: Feb  1 2023 09:38:30
[Sun Mar 05 10:54:55.929095 2023] [core:notice] [pid 4760:tid 152] AH00094: Command line: 'D:\\no ja\\no JA\\Projekty\\WebDev\\PytaniaMatura\\LocalServer\\bin\\Apache24\\bin\\httpd.exe -d D:/no ja/no JA/Projekty/WebDev/PytaniaMatura/LocalServer/bin/Apache24'
[Sun Mar 05 10:54:55.929095 2023] [mpm_winnt:notice] [pid 4760:tid 152] AH00418: Parent: Created child process 6704
[Sun Mar 05 10:54:57.471534 2023] [mpm_winnt:notice] [pid 6704:tid 420] AH00354: Child: Starting 64 worker threads.
[Sun Mar 05 18:35:07.879518 2023] [core:warn] [pid 4772:tid 420] AH00098: pid file D:/no ja/no JA/Projekty/WebDev/PytaniaMatura/LocalServer/bin/Apache24/logs/httpd.pid overwritten -- Unclean shutdown of previous Apache run?
[Sun Mar 05 18:35:08.342470 2023] [mpm_winnt:notice] [pid 4772:tid 420] AH00455: Apache/2.4.55 (Win64) PHP/8.2.2 configured -- resuming normal operations
[Sun Mar 05 18:35:08.342470 2023] [mpm_winnt:notice] [pid 4772:tid 420] AH00456: Apache Lounge VS17 Server built: Feb  1 2023 09:38:30
[Sun Mar 05 18:35:08.342470 2023] [core:notice] [pid 4772:tid 420] AH00094: Command line: 'D:\\no ja\\no JA\\Projekty\\WebDev\\PytaniaMatura\\LocalServer\\bin\\Apache24\\bin\\httpd.exe -d D:/no ja/no JA/Projekty/WebDev/PytaniaMatura/LocalServer/bin/Apache24'
[Sun Mar 05 18:35:08.342470 2023] [mpm_winnt:notice] [pid 4772:tid 420] AH00418: Parent: Created child process 5820
